{"/Volumes/VMs_2T/_STADIOS/Pulse.Infra/_Shared/z_tests/_tools/Mocks.ts":{"path":"/Volumes/VMs_2T/_STADIOS/Pulse.Infra/_Shared/z_tests/_tools/Mocks.ts","statementMap":{"0":{"start":{"line":2,"column":22},"end":{"line":12,"column":3}},"1":{"start":{"line":3,"column":4},"end":{"line":3,"column":33}},"2":{"start":{"line":3,"column":26},"end":{"line":3,"column":33}},"3":{"start":{"line":4,"column":15},"end":{"line":4,"column":52}},"4":{"start":{"line":5,"column":4},"end":{"line":7,"column":5}},"5":{"start":{"line":6,"column":6},"end":{"line":6,"column":68}},"6":{"start":{"line":6,"column":51},"end":{"line":6,"column":63}},"7":{"start":{"line":8,"column":4},"end":{"line":8,"column":39}},"8":{"start":{"line":10,"column":4},"end":{"line":10,"column":33}},"9":{"start":{"line":10,"column":26},"end":{"line":10,"column":33}},"10":{"start":{"line":11,"column":4},"end":{"line":11,"column":17}},"11":{"start":{"line":13,"column":25},"end":{"line":17,"column":2}},"12":{"start":{"line":14,"column":4},"end":{"line":14,"column":72}},"13":{"start":{"line":16,"column":4},"end":{"line":16,"column":21}},"14":{"start":{"line":18,"column":19},"end":{"line":24,"column":1}},"15":{"start":{"line":19,"column":4},"end":{"line":19,"column":42}},"16":{"start":{"line":19,"column":31},"end":{"line":19,"column":42}},"17":{"start":{"line":20,"column":17},"end":{"line":20,"column":19}},"18":{"start":{"line":21,"column":4},"end":{"line":21,"column":141}},"19":{"start":{"line":21,"column":21},"end":{"line":21,"column":141}},"20":{"start":{"line":21,"column":40},"end":{"line":21,"column":141}},"21":{"start":{"line":21,"column":109},"end":{"line":21,"column":141}},"22":{"start":{"line":22,"column":4},"end":{"line":22,"column":36}},"23":{"start":{"line":23,"column":4},"end":{"line":23,"column":18}},"24":{"start":{"line":25,"column":0},"end":{"line":25,"column":62}},"25":{"start":{"line":26,"column":15},"end":{"line":26,"column":54}},"26":{"start":{"line":27,"column":20},"end":{"line":39,"column":1}},"27":{"start":{"line":28,"column":15},"end":{"line":28,"column":47}},"28":{"start":{"line":29,"column":4},"end":{"line":36,"column":5}},"29":{"start":{"line":30,"column":21},"end":{"line":30,"column":39}},"30":{"start":{"line":32,"column":18},"end":{"line":32,"column":54}},"31":{"start":{"line":32,"column":35},"end":{"line":32,"column":53}},"32":{"start":{"line":33,"column":8},"end":{"line":35,"column":9}},"33":{"start":{"line":34,"column":12},"end":{"line":34,"column":30}},"34":{"start":{"line":38,"column":4},"end":{"line":38,"column":16}},"35":{"start":{"line":40,"column":0},"end":{"line":62,"column":3}},"36":{"start":{"line":42,"column":21},"end":{"line":42,"column":45}},"37":{"start":{"line":44,"column":8},"end":{"line":59,"column":10}},"38":{"start":{"line":61,"column":20},"end":{"line":61,"column":31}}},"fnMap":{"0":{"name":"(anonymous_0)","decl":{"start":{"line":2,"column":74},"end":{"line":2,"column":75}},"loc":{"start":{"line":2,"column":96},"end":{"line":9,"column":1}},"line":2},"1":{"name":"(anonymous_1)","decl":{"start":{"line":6,"column":38},"end":{"line":6,"column":39}},"loc":{"start":{"line":6,"column":49},"end":{"line":6,"column":65}},"line":6},"2":{"name":"(anonymous_2)","decl":{"start":{"line":9,"column":6},"end":{"line":9,"column":7}},"loc":{"start":{"line":9,"column":28},"end":{"line":12,"column":1}},"line":9},"3":{"name":"(anonymous_3)","decl":{"start":{"line":13,"column":80},"end":{"line":13,"column":81}},"loc":{"start":{"line":13,"column":95},"end":{"line":15,"column":1}},"line":13},"4":{"name":"(anonymous_4)","decl":{"start":{"line":15,"column":5},"end":{"line":15,"column":6}},"loc":{"start":{"line":15,"column":20},"end":{"line":17,"column":1}},"line":15},"5":{"name":"(anonymous_5)","decl":{"start":{"line":18,"column":50},"end":{"line":18,"column":51}},"loc":{"start":{"line":18,"column":65},"end":{"line":24,"column":1}},"line":18},"6":{"name":"(anonymous_6)","decl":{"start":{"line":27,"column":20},"end":{"line":27,"column":21}},"loc":{"start":{"line":27,"column":31},"end":{"line":39,"column":1}},"line":27},"7":{"name":"(anonymous_7)","decl":{"start":{"line":32,"column":28},"end":{"line":32,"column":29}},"loc":{"start":{"line":32,"column":35},"end":{"line":32,"column":53}},"line":32},"8":{"name":"(anonymous_8)","decl":{"start":{"line":41,"column":17},"end":{"line":41,"column":18}},"loc":{"start":{"line":41,"column":27},"end":{"line":60,"column":5}},"line":41},"9":{"name":"(anonymous_9)","decl":{"start":{"line":61,"column":10},"end":{"line":61,"column":11}},"loc":{"start":{"line":61,"column":20},"end":{"line":61,"column":31}},"line":61}},"branchMap":{"0":{"loc":{"start":{"line":2,"column":22},"end":{"line":12,"column":3}},"type":"binary-expr","locations":[{"start":{"line":2,"column":23},"end":{"line":2,"column":27}},{"start":{"line":2,"column":31},"end":{"line":2,"column":51}},{"start":{"line":2,"column":57},"end":{"line":12,"column":2}}],"line":2},"1":{"loc":{"start":{"line":2,"column":57},"end":{"line":12,"column":2}},"type":"cond-expr","locations":[{"start":{"line":2,"column":74},"end":{"line":9,"column":1}},{"start":{"line":9,"column":6},"end":{"line":12,"column":1}}],"line":2},"2":{"loc":{"start":{"line":3,"column":4},"end":{"line":3,"column":33}},"type":"if","locations":[{"start":{"line":3,"column":4},"end":{"line":3,"column":33}},{"start":{"line":3,"column":4},"end":{"line":3,"column":33}}],"line":3},"3":{"loc":{"start":{"line":5,"column":4},"end":{"line":7,"column":5}},"type":"if","locations":[{"start":{"line":5,"column":4},"end":{"line":7,"column":5}},{"start":{"line":5,"column":4},"end":{"line":7,"column":5}}],"line":5},"4":{"loc":{"start":{"line":5,"column":8},"end":{"line":5,"column":85}},"type":"binary-expr","locations":[{"start":{"line":5,"column":8},"end":{"line":5,"column":13}},{"start":{"line":5,"column":18},"end":{"line":5,"column":84}}],"line":5},"5":{"loc":{"start":{"line":5,"column":18},"end":{"line":5,"column":84}},"type":"cond-expr","locations":[{"start":{"line":5,"column":34},"end":{"line":5,"column":47}},{"start":{"line":5,"column":50},"end":{"line":5,"column":84}}],"line":5},"6":{"loc":{"start":{"line":5,"column":50},"end":{"line":5,"column":84}},"type":"binary-expr","locations":[{"start":{"line":5,"column":50},"end":{"line":5,"column":63}},{"start":{"line":5,"column":67},"end":{"line":5,"column":84}}],"line":5},"7":{"loc":{"start":{"line":10,"column":4},"end":{"line":10,"column":33}},"type":"if","locations":[{"start":{"line":10,"column":4},"end":{"line":10,"column":33}},{"start":{"line":10,"column":4},"end":{"line":10,"column":33}}],"line":10},"8":{"loc":{"start":{"line":13,"column":25},"end":{"line":17,"column":2}},"type":"binary-expr","locations":[{"start":{"line":13,"column":26},"end":{"line":13,"column":30}},{"start":{"line":13,"column":34},"end":{"line":13,"column":57}},{"start":{"line":13,"column":63},"end":{"line":17,"column":1}}],"line":13},"9":{"loc":{"start":{"line":13,"column":63},"end":{"line":17,"column":1}},"type":"cond-expr","locations":[{"start":{"line":13,"column":80},"end":{"line":15,"column":1}},{"start":{"line":15,"column":5},"end":{"line":17,"column":1}}],"line":13},"10":{"loc":{"start":{"line":18,"column":19},"end":{"line":24,"column":1}},"type":"binary-expr","locations":[{"start":{"line":18,"column":20},"end":{"line":18,"column":24}},{"start":{"line":18,"column":28},"end":{"line":18,"column":45}},{"start":{"line":18,"column":50},"end":{"line":24,"column":1}}],"line":18},"11":{"loc":{"start":{"line":19,"column":4},"end":{"line":19,"column":42}},"type":"if","locations":[{"start":{"line":19,"column":4},"end":{"line":19,"column":42}},{"start":{"line":19,"column":4},"end":{"line":19,"column":42}}],"line":19},"12":{"loc":{"start":{"line":19,"column":8},"end":{"line":19,"column":29}},"type":"binary-expr","locations":[{"start":{"line":19,"column":8},"end":{"line":19,"column":11}},{"start":{"line":19,"column":15},"end":{"line":19,"column":29}}],"line":19},"13":{"loc":{"start":{"line":21,"column":4},"end":{"line":21,"column":141}},"type":"if","locations":[{"start":{"line":21,"column":4},"end":{"line":21,"column":141}},{"start":{"line":21,"column":4},"end":{"line":21,"column":141}}],"line":21},"14":{"loc":{"start":{"line":21,"column":40},"end":{"line":21,"column":141}},"type":"if","locations":[{"start":{"line":21,"column":40},"end":{"line":21,"column":141}},{"start":{"line":21,"column":40},"end":{"line":21,"column":141}}],"line":21},"15":{"loc":{"start":{"line":21,"column":44},"end":{"line":21,"column":107}},"type":"binary-expr","locations":[{"start":{"line":21,"column":44},"end":{"line":21,"column":59}},{"start":{"line":21,"column":63},"end":{"line":21,"column":107}}],"line":21},"16":{"loc":{"start":{"line":28,"column":15},"end":{"line":28,"column":47}},"type":"binary-expr","locations":[{"start":{"line":28,"column":15},"end":{"line":28,"column":25}},{"start":{"line":28,"column":29},"end":{"line":28,"column":47}}],"line":28},"17":{"loc":{"start":{"line":29,"column":4},"end":{"line":36,"column":5}},"type":"if","locations":[{"start":{"line":29,"column":4},"end":{"line":36,"column":5}},{"start":{"line":29,"column":4},"end":{"line":36,"column":5}}],"line":29},"18":{"loc":{"start":{"line":33,"column":8},"end":{"line":35,"column":9}},"type":"if","locations":[{"start":{"line":33,"column":8},"end":{"line":35,"column":9}},{"start":{"line":33,"column":8},"end":{"line":35,"column":9}}],"line":33},"19":{"loc":{"start":{"line":50,"column":24},"end":{"line":57,"column":28}},"type":"cond-expr","locations":[{"start":{"line":51,"column":22},"end":{"line":51,"column":60}},{"start":{"line":52,"column":22},"end":{"line":57,"column":28}}],"line":50},"20":{"loc":{"start":{"line":52,"column":22},"end":{"line":57,"column":28}},"type":"cond-expr","locations":[{"start":{"line":53,"column":26},"end":{"line":56,"column":25}},{"start":{"line":57,"column":26},"end":{"line":57,"column":28}}],"line":52}},"s":{"0":1,"1":0,"2":0,"3":0,"4":0,"5":0,"6":0,"7":0,"8":0,"9":0,"10":0,"11":1,"12":0,"13":0,"14":1,"15":1,"16":1,"17":0,"18":0,"19":0,"20":0,"21":0,"22":0,"23":0,"24":1,"25":1,"26":1,"27":0,"28":0,"29":0,"30":0,"31":0,"32":0,"33":0,"34":0,"35":1,"36":0,"37":0,"38":0},"f":{"0":0,"1":0,"2":0,"3":0,"4":0,"5":1,"6":0,"7":0,"8":0,"9":0},"b":{"0":[1,1,1],"1":[1,0],"2":[0,0],"3":[0,0],"4":[0,0],"5":[0,0],"6":[0,0],"7":[0,0],"8":[1,1,1],"9":[1,0],"10":[1,1,1],"11":[1,0],"12":[1,1],"13":[0,0],"14":[0,0],"15":[0,0],"16":[0,0],"17":[0,0],"18":[0,0],"19":[0,0],"20":[0,0]},"inputSourceMap":{"version":3,"file":"/Volumes/VMs_2T/_STADIOS/Pulse.Infra/_Shared/z_tests/_tools/Mocks.ts","sources":["/Volumes/VMs_2T/_STADIOS/Pulse.Infra/_Shared/z_tests/_tools/Mocks.ts"],"names":[],"mappings":";;;;;;;;;;;;;;;;;;;;;;;;;AAAA,uDAAyC;AAEzC,MAAM,WAAW,GAAG,CAAC,KAAU,EAAE,EAAE;IACjC,IAAI,IAAI,GAAW,KAAK,CAAC,IAAI,IAAI,KAAK,CAAC,YAAY,CAAC;IAEpD,IAAI,CAAC,IAAI,EAAE;QACT,MAAM,IAAI,GAAG,MAAM,CAAC,IAAI,CAAC,KAAK,CAAC,CAAC;QAChC,sDAAsD;QACtD,IAAI,GAAG,GAAG,IAAI,CAAC,IAAI,CAAC,CAAC,CAAC,EAAE,EAAE,CAAC,CAAC,CAAC,QAAQ,CAAC,MAAM,CAAC,CAAC,CAAC;QAE/C,IAAI,GAAG,EAAE;YACP,IAAI,GAAG,KAAK,CAAC,GAAG,CAAC,CAAC;SACnB;KACF;IACD,yDAAyD;IACzD,OAAO,IAAI,CAAC;AACd,CAAC,CAAC;AAEF,kBAAe,MAAM,CAAC,OAAO,CAAC,QAAQ,CAAC;IACrC,WAAW,EAAE,CACX,IAAqC,EAKrC,EAAE;QACF,MAAM,IAAI,GAAG,WAAW,CAAC,IAAI,CAAC,MAAM,CAAC,CAAC;QACtC,wCAAwC;QAExC,OAAO;YACL,EAAE,EAAE,4DAA4D,IAAI,EAAE;YACtE,IAAI;YACJ,KAAK,EAAE;gBACL,IAAI;gBACJ,GAAG,IAAI,CAAC,MAAM;gBACd,MAAM,EAAE,IAAI,CAAC,IAAI,CAAC,QAAQ,CAAC,QAAQ,CAAC;oBAClC,CAAC,CAAC,sCAAsC;oBACxC,CAAC,CAAC,IAAI,CAAC,QAAQ,CAAC,KAAK,CAAC;wBACtB,CAAC,CAAC;4BACE,SAAS,EAAE,YAAY;4BACvB,UAAU,EAAE,YAAY;yBACzB;wBACH,CAAC,CAAC,EAAE;aACP;SACF,CAAC;IACJ,CAAC;IACD,IAAI,EAAE,CAAC,IAAiC,EAAE,EAAE,CAAC,IAAI,CAAC,MAAM;CACzD,CAAC,CAAC","sourcesContent":["import * as pulumi from '@pulumi/pulumi';\n\nconst tryFindName = (props: any) => {\n  let name: string = props.name || props.resourceName;\n\n  if (!name) {\n    const keys = Object.keys(props);\n    //Try to find the name that is not a resourceGroupName\n    let key = keys.find((k) => k.endsWith('Name'));\n\n    if (key) {\n      name = props[key];\n    }\n  }\n  //if (!name) console.error('Unable to find name', props);\n  return name;\n};\n\nexport default pulumi.runtime.setMocks({\n  newResource: (\n    args: pulumi.runtime.MockResourceArgs\n  ): {\n    id: string;\n    name: string;\n    state: any;\n  } => {\n    const name = tryFindName(args.inputs);\n    //console.log(`Mocks resource ${name}`);\n\n    return {\n      id: `/subscriptions/12345/resourceGroups/resr-group/providers/${name}`,\n      name,\n      state: {\n        name,\n        ...args.inputs,\n        result: args.type.includes('Random')\n          ? '5c1c5657-085b-41c8-8d11-de897e70eae7'\n          : name.endsWith('ssh')\n          ? {\n              publicKey: '1234567890',\n              privateKey: '1234567890',\n            }\n          : '',\n      },\n    };\n  },\n  call: (args: pulumi.runtime.MockCallArgs) => args.inputs,\n});\n"]},"_coverageSchema":"1a1c01bbd47fc00a2c39e90264f33305004495a9","hash":"5982008187328efd294ff78ccff5a30ecfb26e30","contentHash":"3159996dc5ce342e8d99b95d898e29837eb08ba98554f3fd7a23f24d516d093a"},"/Volumes/VMs_2T/_STADIOS/Pulse.Infra/_Shared/ContainerRegistry/index.ts":{"path":"/Volumes/VMs_2T/_STADIOS/Pulse.Infra/_Shared/ContainerRegistry/index.ts","statementMap":{"0":{"start":{"line":2,"column":22},"end":{"line":12,"column":3}},"1":{"start":{"line":3,"column":4},"end":{"line":3,"column":33}},"2":{"start":{"line":3,"column":26},"end":{"line":3,"column":33}},"3":{"start":{"line":4,"column":15},"end":{"line":4,"column":52}},"4":{"start":{"line":5,"column":4},"end":{"line":7,"column":5}},"5":{"start":{"line":6,"column":6},"end":{"line":6,"column":68}},"6":{"start":{"line":6,"column":51},"end":{"line":6,"column":63}},"7":{"start":{"line":8,"column":4},"end":{"line":8,"column":39}},"8":{"start":{"line":10,"column":4},"end":{"line":10,"column":33}},"9":{"start":{"line":10,"column":26},"end":{"line":10,"column":33}},"10":{"start":{"line":11,"column":4},"end":{"line":11,"column":17}},"11":{"start":{"line":13,"column":25},"end":{"line":17,"column":2}},"12":{"start":{"line":14,"column":4},"end":{"line":14,"column":72}},"13":{"start":{"line":16,"column":4},"end":{"line":16,"column":21}},"14":{"start":{"line":18,"column":19},"end":{"line":24,"column":1}},"15":{"start":{"line":19,"column":4},"end":{"line":19,"column":42}},"16":{"start":{"line":19,"column":31},"end":{"line":19,"column":42}},"17":{"start":{"line":20,"column":17},"end":{"line":20,"column":19}},"18":{"start":{"line":21,"column":4},"end":{"line":21,"column":141}},"19":{"start":{"line":21,"column":21},"end":{"line":21,"column":141}},"20":{"start":{"line":21,"column":40},"end":{"line":21,"column":141}},"21":{"start":{"line":21,"column":109},"end":{"line":21,"column":141}},"22":{"start":{"line":22,"column":4},"end":{"line":22,"column":36}},"23":{"start":{"line":23,"column":4},"end":{"line":23,"column":18}},"24":{"start":{"line":25,"column":22},"end":{"line":27,"column":1}},"25":{"start":{"line":26,"column":4},"end":{"line":26,"column":62}},"26":{"start":{"line":28,"column":0},"end":{"line":28,"column":62}},"27":{"start":{"line":29,"column":26},"end":{"line":29,"column":89}},"28":{"start":{"line":30,"column":26},"end":{"line":30,"column":77}},"29":{"start":{"line":31,"column":15},"end":{"line":31,"column":59}},"30":{"start":{"line":32,"column":17},"end":{"line":32,"column":44}},"31":{"start":{"line":33,"column":26},"end":{"line":33,"column":77}},"32":{"start":{"line":34,"column":23},"end":{"line":34,"column":58}},"33":{"start":{"line":38,"column":0},"end":{"line":128,"column":2}},"34":{"start":{"line":39,"column":4},"end":{"line":39,"column":42}},"35":{"start":{"line":40,"column":19},"end":{"line":40,"column":32}},"36":{"start":{"line":41,"column":24},"end":{"line":41,"column":43}},"37":{"start":{"line":42,"column":31},"end":{"line":42,"column":77}},"38":{"start":{"line":43,"column":33},"end":{"line":43,"column":81}},"39":{"start":{"line":44,"column":45},"end":{"line":62,"column":6}},"40":{"start":{"line":54,"column":55},"end":{"line":54,"column":79}},"41":{"start":{"line":63,"column":4},"end":{"line":73,"column":5}},"42":{"start":{"line":64,"column":8},"end":{"line":72,"column":11}},"43":{"start":{"line":74,"column":4},"end":{"line":115,"column":5}},"44":{"start":{"line":75,"column":8},"end":{"line":114,"column":11}},"45":{"start":{"line":77,"column":12},"end":{"line":78,"column":23}},"46":{"start":{"line":78,"column":16},"end":{"line":78,"column":23}},"47":{"start":{"line":80,"column":25},"end":{"line":83,"column":14}},"48":{"start":{"line":84,"column":12},"end":{"line":90,"column":15}},"49":{"start":{"line":91,"column":12},"end":{"line":97,"column":15}},"50":{"start":{"line":98,"column":12},"end":{"line":105,"column":15}},"51":{"start":{"line":106,"column":12},"end":{"line":113,"column":15}},"52":{"start":{"line":116,"column":4},"end":{"line":127,"column":6}}},"fnMap":{"0":{"name":"(anonymous_0)","decl":{"start":{"line":2,"column":74},"end":{"line":2,"column":75}},"loc":{"start":{"line":2,"column":96},"end":{"line":9,"column":1}},"line":2},"1":{"name":"(anonymous_1)","decl":{"start":{"line":6,"column":38},"end":{"line":6,"column":39}},"loc":{"start":{"line":6,"column":49},"end":{"line":6,"column":65}},"line":6},"2":{"name":"(anonymous_2)","decl":{"start":{"line":9,"column":6},"end":{"line":9,"column":7}},"loc":{"start":{"line":9,"column":28},"end":{"line":12,"column":1}},"line":9},"3":{"name":"(anonymous_3)","decl":{"start":{"line":13,"column":80},"end":{"line":13,"column":81}},"loc":{"start":{"line":13,"column":95},"end":{"line":15,"column":1}},"line":13},"4":{"name":"(anonymous_4)","decl":{"start":{"line":15,"column":5},"end":{"line":15,"column":6}},"loc":{"start":{"line":15,"column":20},"end":{"line":17,"column":1}},"line":15},"5":{"name":"(anonymous_5)","decl":{"start":{"line":18,"column":50},"end":{"line":18,"column":51}},"loc":{"start":{"line":18,"column":65},"end":{"line":24,"column":1}},"line":18},"6":{"name":"(anonymous_6)","decl":{"start":{"line":25,"column":56},"end":{"line":25,"column":57}},"loc":{"start":{"line":25,"column":71},"end":{"line":27,"column":1}},"line":25},"7":{"name":"(anonymous_7)","decl":{"start":{"line":38,"column":18},"end":{"line":38,"column":19}},"loc":{"start":{"line":38,"column":172},"end":{"line":128,"column":1}},"line":38},"8":{"name":"(anonymous_8)","decl":{"start":{"line":54,"column":46},"end":{"line":54,"column":47}},"loc":{"start":{"line":54,"column":55},"end":{"line":54,"column":79}},"line":54},"9":{"name":"(anonymous_9)","decl":{"start":{"line":75,"column":26},"end":{"line":75,"column":27}},"loc":{"start":{"line":75,"column":40},"end":{"line":114,"column":9}},"line":75}},"branchMap":{"0":{"loc":{"start":{"line":2,"column":22},"end":{"line":12,"column":3}},"type":"binary-expr","locations":[{"start":{"line":2,"column":23},"end":{"line":2,"column":27}},{"start":{"line":2,"column":31},"end":{"line":2,"column":51}},{"start":{"line":2,"column":57},"end":{"line":12,"column":2}}],"line":2},"1":{"loc":{"start":{"line":2,"column":57},"end":{"line":12,"column":2}},"type":"cond-expr","locations":[{"start":{"line":2,"column":74},"end":{"line":9,"column":1}},{"start":{"line":9,"column":6},"end":{"line":12,"column":1}}],"line":2},"2":{"loc":{"start":{"line":3,"column":4},"end":{"line":3,"column":33}},"type":"if","locations":[{"start":{"line":3,"column":4},"end":{"line":3,"column":33}},{"start":{"line":3,"column":4},"end":{"line":3,"column":33}}],"line":3},"3":{"loc":{"start":{"line":5,"column":4},"end":{"line":7,"column":5}},"type":"if","locations":[{"start":{"line":5,"column":4},"end":{"line":7,"column":5}},{"start":{"line":5,"column":4},"end":{"line":7,"column":5}}],"line":5},"4":{"loc":{"start":{"line":5,"column":8},"end":{"line":5,"column":85}},"type":"binary-expr","locations":[{"start":{"line":5,"column":8},"end":{"line":5,"column":13}},{"start":{"line":5,"column":18},"end":{"line":5,"column":84}}],"line":5},"5":{"loc":{"start":{"line":5,"column":18},"end":{"line":5,"column":84}},"type":"cond-expr","locations":[{"start":{"line":5,"column":34},"end":{"line":5,"column":47}},{"start":{"line":5,"column":50},"end":{"line":5,"column":84}}],"line":5},"6":{"loc":{"start":{"line":5,"column":50},"end":{"line":5,"column":84}},"type":"binary-expr","locations":[{"start":{"line":5,"column":50},"end":{"line":5,"column":63}},{"start":{"line":5,"column":67},"end":{"line":5,"column":84}}],"line":5},"7":{"loc":{"start":{"line":10,"column":4},"end":{"line":10,"column":33}},"type":"if","locations":[{"start":{"line":10,"column":4},"end":{"line":10,"column":33}},{"start":{"line":10,"column":4},"end":{"line":10,"column":33}}],"line":10},"8":{"loc":{"start":{"line":13,"column":25},"end":{"line":17,"column":2}},"type":"binary-expr","locations":[{"start":{"line":13,"column":26},"end":{"line":13,"column":30}},{"start":{"line":13,"column":34},"end":{"line":13,"column":57}},{"start":{"line":13,"column":63},"end":{"line":17,"column":1}}],"line":13},"9":{"loc":{"start":{"line":13,"column":63},"end":{"line":17,"column":1}},"type":"cond-expr","locations":[{"start":{"line":13,"column":80},"end":{"line":15,"column":1}},{"start":{"line":15,"column":5},"end":{"line":17,"column":1}}],"line":13},"10":{"loc":{"start":{"line":18,"column":19},"end":{"line":24,"column":1}},"type":"binary-expr","locations":[{"start":{"line":18,"column":20},"end":{"line":18,"column":24}},{"start":{"line":18,"column":28},"end":{"line":18,"column":45}},{"start":{"line":18,"column":50},"end":{"line":24,"column":1}}],"line":18},"11":{"loc":{"start":{"line":19,"column":4},"end":{"line":19,"column":42}},"type":"if","locations":[{"start":{"line":19,"column":4},"end":{"line":19,"column":42}},{"start":{"line":19,"column":4},"end":{"line":19,"column":42}}],"line":19},"12":{"loc":{"start":{"line":19,"column":8},"end":{"line":19,"column":29}},"type":"binary-expr","locations":[{"start":{"line":19,"column":8},"end":{"line":19,"column":11}},{"start":{"line":19,"column":15},"end":{"line":19,"column":29}}],"line":19},"13":{"loc":{"start":{"line":21,"column":4},"end":{"line":21,"column":141}},"type":"if","locations":[{"start":{"line":21,"column":4},"end":{"line":21,"column":141}},{"start":{"line":21,"column":4},"end":{"line":21,"column":141}}],"line":21},"14":{"loc":{"start":{"line":21,"column":40},"end":{"line":21,"column":141}},"type":"if","locations":[{"start":{"line":21,"column":40},"end":{"line":21,"column":141}},{"start":{"line":21,"column":40},"end":{"line":21,"column":141}}],"line":21},"15":{"loc":{"start":{"line":21,"column":44},"end":{"line":21,"column":107}},"type":"binary-expr","locations":[{"start":{"line":21,"column":44},"end":{"line":21,"column":59}},{"start":{"line":21,"column":63},"end":{"line":21,"column":107}}],"line":21},"16":{"loc":{"start":{"line":25,"column":22},"end":{"line":27,"column":1}},"type":"binary-expr","locations":[{"start":{"line":25,"column":23},"end":{"line":25,"column":27}},{"start":{"line":25,"column":31},"end":{"line":25,"column":51}},{"start":{"line":25,"column":56},"end":{"line":27,"column":1}}],"line":25},"17":{"loc":{"start":{"line":26,"column":11},"end":{"line":26,"column":61}},"type":"cond-expr","locations":[{"start":{"line":26,"column":37},"end":{"line":26,"column":40}},{"start":{"line":26,"column":43},"end":{"line":26,"column":61}}],"line":26},"18":{"loc":{"start":{"line":26,"column":12},"end":{"line":26,"column":33}},"type":"binary-expr","locations":[{"start":{"line":26,"column":12},"end":{"line":26,"column":15}},{"start":{"line":26,"column":19},"end":{"line":26,"column":33}}],"line":26},"19":{"loc":{"start":{"line":38,"column":33},"end":{"line":38,"column":57}},"type":"default-arg","locations":[{"start":{"line":38,"column":41},"end":{"line":38,"column":57}}],"line":38},"20":{"loc":{"start":{"line":38,"column":59},"end":{"line":38,"column":96}},"type":"default-arg","locations":[{"start":{"line":38,"column":65},"end":{"line":38,"column":96}}],"line":38},"21":{"loc":{"start":{"line":38,"column":98},"end":{"line":38,"column":121}},"type":"default-arg","locations":[{"start":{"line":38,"column":117},"end":{"line":38,"column":121}}],"line":38},"22":{"loc":{"start":{"line":38,"column":123},"end":{"line":38,"column":134}},"type":"default-arg","locations":[{"start":{"line":38,"column":130},"end":{"line":38,"column":134}}],"line":38},"23":{"loc":{"start":{"line":50,"column":24},"end":{"line":60,"column":23}},"type":"cond-expr","locations":[{"start":{"line":51,"column":14},"end":{"line":59,"column":13}},{"start":{"line":60,"column":14},"end":{"line":60,"column":23}}],"line":50},"24":{"loc":{"start":{"line":50,"column":24},"end":{"line":50,"column":52}},"type":"binary-expr","locations":[{"start":{"line":50,"column":24},"end":{"line":50,"column":41}},{"start":{"line":50,"column":45},"end":{"line":50,"column":52}}],"line":50},"25":{"loc":{"start":{"line":53,"column":25},"end":{"line":55,"column":31}},"type":"cond-expr","locations":[{"start":{"line":54,"column":22},"end":{"line":54,"column":81}},{"start":{"line":55,"column":22},"end":{"line":55,"column":31}}],"line":53},"26":{"loc":{"start":{"line":56,"column":37},"end":{"line":58,"column":31}},"type":"cond-expr","locations":[{"start":{"line":57,"column":22},"end":{"line":57,"column":70}},{"start":{"line":58,"column":22},"end":{"line":58,"column":31}}],"line":56},"27":{"loc":{"start":{"line":63,"column":4},"end":{"line":73,"column":5}},"type":"if","locations":[{"start":{"line":63,"column":4},"end":{"line":73,"column":5}},{"start":{"line":63,"column":4},"end":{"line":73,"column":5}}],"line":63},"28":{"loc":{"start":{"line":63,"column":8},"end":{"line":63,"column":70}},"type":"binary-expr","locations":[{"start":{"line":63,"column":8},"end":{"line":63,"column":25}},{"start":{"line":63,"column":29},"end":{"line":63,"column":49}},{"start":{"line":63,"column":53},"end":{"line":63,"column":70}}],"line":63},"29":{"loc":{"start":{"line":74,"column":4},"end":{"line":115,"column":5}},"type":"if","locations":[{"start":{"line":74,"column":4},"end":{"line":115,"column":5}},{"start":{"line":74,"column":4},"end":{"line":115,"column":5}}],"line":74},"30":{"loc":{"start":{"line":74,"column":8},"end":{"line":74,"column":37}},"type":"binary-expr","locations":[{"start":{"line":74,"column":8},"end":{"line":74,"column":17}},{"start":{"line":74,"column":21},"end":{"line":74,"column":37}}],"line":74},"31":{"loc":{"start":{"line":77,"column":12},"end":{"line":78,"column":23}},"type":"if","locations":[{"start":{"line":77,"column":12},"end":{"line":78,"column":23}},{"start":{"line":77,"column":12},"end":{"line":78,"column":23}}],"line":77}},"s":{"0":1,"1":0,"2":0,"3":0,"4":0,"5":0,"6":0,"7":0,"8":0,"9":0,"10":0,"11":1,"12":0,"13":0,"14":1,"15":2,"16":2,"17":0,"18":0,"19":0,"20":0,"21":0,"22":0,"23":0,"24":1,"25":2,"26":1,"27":1,"28":1,"29":1,"30":1,"31":1,"32":1,"33":1,"34":0,"35":0,"36":0,"37":0,"38":0,"39":0,"40":0,"41":0,"42":0,"43":0,"44":0,"45":0,"46":0,"47":0,"48":0,"49":0,"50":0,"51":0,"52":0},"f":{"0":0,"1":0,"2":0,"3":0,"4":0,"5":2,"6":2,"7":0,"8":0,"9":0},"b":{"0":[1,1,1],"1":[1,0],"2":[0,0],"3":[0,0],"4":[0,0],"5":[0,0],"6":[0,0],"7":[0,0],"8":[1,1,1],"9":[1,0],"10":[1,1,1],"11":[2,0],"12":[2,2],"13":[0,0],"14":[0,0],"15":[0,0],"16":[1,1,1],"17":[2,0],"18":[2,2],"19":[0],"20":[0],"21":[0],"22":[0],"23":[0,0],"24":[0,0],"25":[0,0],"26":[0,0],"27":[0,0],"28":[0,0,0],"29":[0,0],"30":[0,0],"31":[0,0]},"inputSourceMap":{"version":3,"file":"/Volumes/VMs_2T/_STADIOS/Pulse.Infra/_Shared/ContainerRegistry/index.ts","sources":["/Volumes/VMs_2T/_STADIOS/Pulse.Infra/_Shared/ContainerRegistry/index.ts"],"names":[],"mappings":";;;;;;;;;;;;;;;;;;;;;;;;;;;;AAAA,0FAA4E;AAQ5E,8EAA8C;AAC9C,4DAA8C;AAC9C,6CAI0B;AAC1B,8EAAsD;AACtD,2DAA2D;AAa3D;;GAEG;AACH,kBAAe,KAAK,EAAE,EACpB,IAAI,EACJ,KAAK,GAAG,MAAM,CAAC,SAAS,EACxB,GAAG,GAAG,iBAAiB,CAAC,OAAO,CAAC,KAAK,EACrC,gBAAgB,GAAG,IAAI,EACvB,IAAI,GAAG,IAAI,EACX,SAAS,EACT,OAAO,EACP,GAAG,MAAM,EACH,EAAE,EAAE;IACV,IAAI,GAAG,IAAA,mBAAU,EAAC,IAAI,CAAC,CAAC;IAExB,MAAM,MAAM,GAAG,GAAG,IAAI,MAAM,CAAC;IAC7B,MAAM,WAAW,GAAG,GAAG,IAAI,YAAY,CAAC;IACxC,MAAM,kBAAkB,GAAG,IAAA,wBAAe,EAAC,IAAI,EAAE,SAAS,CAAC,CAAC;IAC5D,MAAM,oBAAoB,GAAG,IAAA,wBAAe,EAAC,IAAI,EAAE,WAAW,CAAC,CAAC;IAEhE,MAAM,EAAE,QAAQ,EAAE,UAAU,EAAE,MAAM,EAAE,GAAG,MAAM,IAAA,yBAAO,EACpD,iBAAiB,CAAC,QAAQ,EAC1B;QACE,YAAY,EAAE,IAAI;QAClB,GAAG,KAAK;QAER,gBAAgB;QAChB,IAAI;QACJ,GAAG,EAAE,EAAE,IAAI,EAAE,GAAG,EAAE;QAClB,cAAc,EACZ,GAAG,KAAK,SAAS,IAAI,OAAO;YAC1B,CAAC,CAAC;gBACE,aAAa,EAAE,iBAAiB,CAAC,aAAa,CAAC,KAAK;gBAEpD,OAAO,EAAE,OAAO,CAAC,WAAW;oBAC1B,CAAC,CAAC,OAAO,CAAC,WAAW,CAAC,GAAG,CAAC,CAAC,EAAE,EAAE,EAAE,CAAC,CAAC,EAAE,gBAAgB,EAAE,EAAE,EAAE,CAAC,CAAC;oBAC7D,CAAC,CAAC,SAAS;gBAEb,mBAAmB,EAAE,OAAO,CAAC,QAAQ;oBACnC,CAAC,CAAC,CAAC,EAAE,wBAAwB,EAAE,OAAO,CAAC,QAAQ,EAAE,CAAC;oBAClD,CAAC,CAAC,SAAS;aACd;YACH,CAAC,CAAC,SAAS;QACf,GAAG,MAAM;KAC8C,CAC1D,CAAC;IAEF,IAAI,GAAG,KAAK,SAAS,IAAI,OAAO,EAAE,WAAW,IAAI,OAAO,EAAE,QAAQ,EAAE;QAClE,IAAA,yBAAe,EAAC;YACd,IAAI,EAAE,IAAA,+BAAsB,EAAC,IAAI,CAAC;YAClC,KAAK;YACL,kBAAkB,EAAE,wBAAwB;YAC5C,QAAQ,EAAE,OAAO,CAAC,QAAQ;YAC1B,GAAG,OAAO,CAAC,WAAW;YACtB,mBAAmB,EAAE,CAAC,SAAS,CAAC;YAChC,UAAU,EAAE,QAAQ,CAAC,EAAE;SACxB,CAAC,CAAC;KACJ;IAED,IAAI,SAAS,IAAI,gBAAgB,EAAE;QACjC,QAAQ,CAAC,EAAE,CAAC,KAAK,CAAC,KAAK,EAAE,EAAE,EAAE,EAAE;YAC7B,2CAA2C;YAC3C,IAAI,CAAC,EAAE;gBAAE,OAAO;YAChB,4DAA4D;YAC5D,MAAM,IAAI,GAAG,MAAM,iBAAiB,CAAC,uBAAuB,CAAC;gBAC3D,YAAY,EAAE,IAAI;gBAClB,iBAAiB,EAAE,MAAM,CAAC,SAAS,CAAC,iBAAiB;aACtD,CAAC,CAAC;YAEH,MAAM,IAAA,8BAAe,EAAC;gBACpB,IAAI,EAAE,MAAM;gBACZ,KAAK,EAAE,WAAW,IAAI,aAAa;gBACnC,SAAS;gBACT,WAAW,EAAE,oBAAoB;gBACjC,SAAS,EAAE,QAAQ;aACpB,CAAC,CAAC;YAEH,MAAM,IAAA,8BAAe,EAAC;gBACpB,IAAI,EAAE,WAAW;gBACjB,KAAK,EAAE,IAAI,CAAC,QAAS;gBACrB,SAAS;gBACT,WAAW,EAAE,oBAAoB;gBACjC,SAAS,EAAE,QAAQ;aACpB,CAAC,CAAC;YAEH,MAAM,IAAA,8BAAe,EAAC;gBACpB,IAAI,EAAE,kBAAkB;gBACxB,aAAa,EAAE,IAAI;gBACnB,KAAK,EAAE,IAAI,CAAC,SAAU,CAAC,CAAC,CAAC,CAAC,KAAM;gBAChC,SAAS;gBACT,WAAW,EAAE,oBAAoB;gBACjC,SAAS,EAAE,QAAQ;aACpB,CAAC,CAAC;YAEH,MAAM,IAAA,8BAAe,EAAC;gBACpB,IAAI,EAAE,oBAAoB;gBAC1B,aAAa,EAAE,IAAI;gBACnB,KAAK,EAAE,IAAI,CAAC,SAAU,CAAC,CAAC,CAAC,CAAC,KAAM;gBAChC,SAAS;gBACT,WAAW,EAAE,oBAAoB;gBACjC,SAAS,EAAE,QAAQ;aACpB,CAAC,CAAC;QACL,CAAC,CAAC,CAAC;KACJ;IAED,OAAO;QACL,IAAI;QACJ,QAAQ,EAAE,QAAsC;QAChD,aAAa,EAAE;YACb,WAAW;YACX,kBAAkB;YAClB,oBAAoB;YACpB,MAAM;SACP;QACD,MAAM;QACN,UAAU;KACX,CAAC;AACJ,CAAC,CAAC","sourcesContent":["import * as containerregistry from '@pulumi/azure-native/containerregistry';\nimport {\n  BasicResourceArgs,\n  KeyVaultInfo,\n  NetworkRulesProps,\n  ResourceGroupInfo,\n} from './../types.d';\nimport { DefaultResourceArgs } from '../types';\nimport creator from '../Core/ResourceCreator';\nimport * as global from '../Common/GlobalEnv';\nimport {\n  getAcrName,\n  getPasswordName,\n  getPrivateEndpointName,\n} from '../Common/Naming';\nimport PrivateEndpoint from '../VNet/PrivateEndpoint';\nimport { addCustomSecret } from '../KeyVault/CustomHelper';\n\ninterface Props extends DefaultResourceArgs {\n  name: string;\n  group?: ResourceGroupInfo;\n  adminUserEnabled?: boolean;\n  enableStorageAccount?: boolean;\n  vaultInfo?: KeyVaultInfo;\n  sku?: containerregistry.SkuName;\n  /**Only support Premium sku*/\n  network?: NetworkRulesProps;\n}\n\n/** The Azure Container Registry will be created at the GLobal Group.\n * Follow ReadMe file to setup the cleaning tasks for this Registry\n */\nexport default async ({\n  name,\n  group = global.groupInfo,\n  sku = containerregistry.SkuName.Basic,\n  adminUserEnabled = true,\n  lock = true,\n  vaultInfo,\n  network,\n  ...others\n}: Props) => {\n  name = getAcrName(name);\n\n  const urlKey = `${name}-url`;\n  const userNameKey = `${name}-user-name`;\n  const primaryPasswordKey = getPasswordName(name, 'primary');\n  const secondaryPasswordKey = getPasswordName(name, 'secondary');\n\n  const { resource, diagnostic, locker } = await creator(\n    containerregistry.Registry,\n    {\n      registryName: name,\n      ...group,\n\n      adminUserEnabled,\n      lock,\n      sku: { name: sku },\n      networkRuleSet:\n        sku === 'Premium' && network\n          ? {\n              defaultAction: containerregistry.DefaultAction.Allow,\n\n              ipRules: network.ipAddresses\n                ? network.ipAddresses.map((ip) => ({ iPAddressOrRange: ip }))\n                : undefined,\n\n              virtualNetworkRules: network.subnetId\n                ? [{ virtualNetworkResourceId: network.subnetId }]\n                : undefined,\n            }\n          : undefined,\n      ...others,\n    } as containerregistry.RegistryArgs & DefaultResourceArgs\n  );\n\n  if (sku === 'Premium' && network?.privateLink && network?.subnetId) {\n    PrivateEndpoint({\n      name: getPrivateEndpointName(name),\n      group,\n      privateDnsZoneName: 'privatelink.azurecr.io',\n      subnetId: network.subnetId,\n      ...network.privateLink,\n      linkServiceGroupIds: ['azurecr'],\n      resourceId: resource.id,\n    });\n  }\n\n  if (vaultInfo && adminUserEnabled) {\n    resource.id.apply(async (id) => {\n      //The Resource is not created in Azure yet.\n      if (!id) return;\n      //Only able to gert the secret once the resource is created.\n      const keys = await containerregistry.listRegistryCredentials({\n        registryName: name,\n        resourceGroupName: global.groupInfo.resourceGroupName,\n      });\n\n      await addCustomSecret({\n        name: urlKey,\n        value: `https://${name}.azurecr.io`,\n        vaultInfo,\n        contentType: 'Container Registry',\n        dependsOn: resource,\n      });\n\n      await addCustomSecret({\n        name: userNameKey,\n        value: keys.username!,\n        vaultInfo,\n        contentType: 'Container Registry',\n        dependsOn: resource,\n      });\n\n      await addCustomSecret({\n        name: primaryPasswordKey,\n        formattedName: true,\n        value: keys.passwords![0].value!,\n        vaultInfo,\n        contentType: 'Container Registry',\n        dependsOn: resource,\n      });\n\n      await addCustomSecret({\n        name: secondaryPasswordKey,\n        formattedName: true,\n        value: keys.passwords![1].value!,\n        vaultInfo,\n        contentType: 'Container Registry',\n        dependsOn: resource,\n      });\n    });\n  }\n\n  return {\n    name,\n    registry: resource as containerregistry.Registry,\n    vaultKeyNames: {\n      userNameKey,\n      primaryPasswordKey,\n      secondaryPasswordKey,\n      urlKey,\n    },\n    locker,\n    diagnostic,\n  };\n};\n"]},"_coverageSchema":"1a1c01bbd47fc00a2c39e90264f33305004495a9","hash":"f4ae69c6c2fca5b13add193f1ea207033cae848b","contentHash":"e570d9ad96757679f63d5f450a124f781f45f74842d448393cd1954b9b348c8b"},"/Volumes/VMs_2T/_STADIOS/Pulse.Infra/_Shared/Core/ResourceCreator.ts":{"path":"/Volumes/VMs_2T/_STADIOS/Pulse.Infra/_Shared/Core/ResourceCreator.ts","statementMap":{"0":{"start":{"line":2,"column":22},"end":{"line":4,"column":1}},"1":{"start":{"line":3,"column":4},"end":{"line":3,"column":62}},"2":{"start":{"line":5,"column":0},"end":{"line":5,"column":62}},"3":{"start":{"line":6,"column":17},"end":{"line":6,"column":53}},"4":{"start":{"line":7,"column":18},"end":{"line":7,"column":44}},"5":{"start":{"line":8,"column":19},"end":{"line":8,"column":48}},"6":{"start":{"line":9,"column":20},"end":{"line":26,"column":1}},"7":{"start":{"line":11,"column":4},"end":{"line":12,"column":53}},"8":{"start":{"line":12,"column":8},"end":{"line":12,"column":53}},"9":{"start":{"line":13,"column":15},"end":{"line":13,"column":47}},"10":{"start":{"line":14,"column":4},"end":{"line":22,"column":5}},"11":{"start":{"line":15,"column":21},"end":{"line":15,"column":39}},"12":{"start":{"line":17,"column":18},"end":{"line":17,"column":83}},"13":{"start":{"line":17,"column":35},"end":{"line":17,"column":82}},"14":{"start":{"line":18,"column":8},"end":{"line":21,"column":9}},"15":{"start":{"line":20,"column":12},"end":{"line":20,"column":30}},"16":{"start":{"line":23,"column":4},"end":{"line":24,"column":81}},"17":{"start":{"line":24,"column":8},"end":{"line":24,"column":81}},"18":{"start":{"line":25,"column":4},"end":{"line":25,"column":16}},"19":{"start":{"line":29,"column":28},"end":{"line":29,"column":64}},"20":{"start":{"line":31,"column":17},"end":{"line":31,"column":52}},"21":{"start":{"line":32,"column":21},"end":{"line":32,"column":162}},"22":{"start":{"line":34,"column":17},"end":{"line":34,"column":26}},"23":{"start":{"line":35,"column":4},"end":{"line":37,"column":5}},"24":{"start":{"line":36,"column":8},"end":{"line":36,"column":95}},"25":{"start":{"line":39,"column":21},"end":{"line":39,"column":30}},"26":{"start":{"line":40,"column":4},"end":{"line":47,"column":5}},"27":{"start":{"line":41,"column":8},"end":{"line":46,"column":11}},"28":{"start":{"line":48,"column":4},"end":{"line":48,"column":44}},"29":{"start":{"line":50,"column":0},"end":{"line":50,"column":28}}},"fnMap":{"0":{"name":"(anonymous_0)","decl":{"start":{"line":2,"column":56},"end":{"line":2,"column":57}},"loc":{"start":{"line":2,"column":71},"end":{"line":4,"column":1}},"line":2},"1":{"name":"(anonymous_1)","decl":{"start":{"line":9,"column":20},"end":{"line":9,"column":21}},"loc":{"start":{"line":9,"column":48},"end":{"line":26,"column":1}},"line":9},"2":{"name":"(anonymous_2)","decl":{"start":{"line":17,"column":28},"end":{"line":17,"column":29}},"loc":{"start":{"line":17,"column":35},"end":{"line":17,"column":82}},"line":17},"3":{"name":"default_1","decl":{"start":{"line":28,"column":15},"end":{"line":28,"column":24}},"loc":{"start":{"line":28,"column":101},"end":{"line":49,"column":1}},"line":28}},"branchMap":{"0":{"loc":{"start":{"line":2,"column":22},"end":{"line":4,"column":1}},"type":"binary-expr","locations":[{"start":{"line":2,"column":23},"end":{"line":2,"column":27}},{"start":{"line":2,"column":31},"end":{"line":2,"column":51}},{"start":{"line":2,"column":56},"end":{"line":4,"column":1}}],"line":2},"1":{"loc":{"start":{"line":3,"column":11},"end":{"line":3,"column":61}},"type":"cond-expr","locations":[{"start":{"line":3,"column":37},"end":{"line":3,"column":40}},{"start":{"line":3,"column":43},"end":{"line":3,"column":61}}],"line":3},"2":{"loc":{"start":{"line":3,"column":12},"end":{"line":3,"column":33}},"type":"binary-expr","locations":[{"start":{"line":3,"column":12},"end":{"line":3,"column":15}},{"start":{"line":3,"column":19},"end":{"line":3,"column":33}}],"line":3},"3":{"loc":{"start":{"line":11,"column":4},"end":{"line":12,"column":53}},"type":"if","locations":[{"start":{"line":11,"column":4},"end":{"line":12,"column":53}},{"start":{"line":11,"column":4},"end":{"line":12,"column":53}}],"line":11},"4":{"loc":{"start":{"line":12,"column":15},"end":{"line":12,"column":52}},"type":"binary-expr","locations":[{"start":{"line":12,"column":15},"end":{"line":12,"column":38}},{"start":{"line":12,"column":42},"end":{"line":12,"column":52}}],"line":12},"5":{"loc":{"start":{"line":13,"column":15},"end":{"line":13,"column":47}},"type":"binary-expr","locations":[{"start":{"line":13,"column":15},"end":{"line":13,"column":33}},{"start":{"line":13,"column":37},"end":{"line":13,"column":47}}],"line":13},"6":{"loc":{"start":{"line":14,"column":4},"end":{"line":22,"column":5}},"type":"if","locations":[{"start":{"line":14,"column":4},"end":{"line":22,"column":5}},{"start":{"line":14,"column":4},"end":{"line":22,"column":5}}],"line":14},"7":{"loc":{"start":{"line":17,"column":35},"end":{"line":17,"column":82}},"type":"binary-expr","locations":[{"start":{"line":17,"column":35},"end":{"line":17,"column":53}},{"start":{"line":17,"column":57},"end":{"line":17,"column":82}}],"line":17},"8":{"loc":{"start":{"line":18,"column":8},"end":{"line":21,"column":9}},"type":"if","locations":[{"start":{"line":18,"column":8},"end":{"line":21,"column":9}},{"start":{"line":18,"column":8},"end":{"line":21,"column":9}}],"line":18},"9":{"loc":{"start":{"line":23,"column":4},"end":{"line":24,"column":81}},"type":"if","locations":[{"start":{"line":23,"column":4},"end":{"line":24,"column":81}},{"start":{"line":23,"column":4},"end":{"line":24,"column":81}}],"line":23},"10":{"loc":{"start":{"line":35,"column":4},"end":{"line":37,"column":5}},"type":"if","locations":[{"start":{"line":35,"column":4},"end":{"line":37,"column":5}},{"start":{"line":35,"column":4},"end":{"line":37,"column":5}}],"line":35},"11":{"loc":{"start":{"line":40,"column":4},"end":{"line":47,"column":5}},"type":"if","locations":[{"start":{"line":40,"column":4},"end":{"line":47,"column":5}},{"start":{"line":40,"column":4},"end":{"line":47,"column":5}}],"line":40}},"s":{"0":1,"1":1,"2":1,"3":1,"4":1,"5":1,"6":1,"7":0,"8":0,"9":0,"10":0,"11":0,"12":0,"13":0,"14":0,"15":0,"16":0,"17":0,"18":0,"19":0,"20":0,"21":0,"22":0,"23":0,"24":0,"25":0,"26":0,"27":0,"28":0,"29":1},"f":{"0":1,"1":0,"2":0,"3":0},"b":{"0":[1,1,1],"1":[1,0],"2":[1,1],"3":[0,0],"4":[0,0],"5":[0,0],"6":[0,0],"7":[0,0],"8":[0,0],"9":[0,0],"10":[0,0],"11":[0,0]},"inputSourceMap":{"version":3,"file":"/Volumes/VMs_2T/_STADIOS/Pulse.Infra/_Shared/Core/ResourceCreator.ts","sources":["/Volumes/VMs_2T/_STADIOS/Pulse.Infra/_Shared/Core/ResourceCreator.ts"],"names":[],"mappings":";;;;;AAKA,sDAA8B;AAC9B,6CAAmD;AACnD,iDAAiD;AAEjD,MAAM,WAAW,GAAG,CAAC,KAAU,EAAE,eAAwB,EAAE,EAAE;IAC3D,mEAAmE;IACnE,IAAI,eAAe;QAAE,OAAO,KAAK,CAAC,iBAAiB,IAAI,KAAK,CAAC,IAAI,CAAC;IAElE,IAAI,IAAI,GAAG,KAAK,CAAC,YAAY,IAAI,KAAK,CAAC,IAAI,CAAC;IAE5C,IAAI,CAAC,IAAI,EAAE;QACT,MAAM,IAAI,GAAG,MAAM,CAAC,IAAI,CAAC,KAAK,CAAC,CAAC;QAChC,sDAAsD;QACtD,IAAI,GAAG,GAAG,IAAI,CAAC,IAAI,CAAC,CAAC,CAAC,EAAE,EAAE,CAAC,CAAC,CAAC,QAAQ,CAAC,MAAM,CAAC,IAAI,CAAC,KAAK,mBAAmB,CAAC,CAAC;QAE5E,IAAI,GAAG,EAAE;YACP,0CAA0C;YAC1C,IAAI,GAAG,KAAK,CAAC,GAAG,CAAC,CAAC;SACnB;KACF;IAED,IAAI,CAAC,IAAI;QACP,MAAM,IAAI,KAAK,CAAC,+BAA+B,GAAG,IAAI,CAAC,SAAS,CAAC,KAAK,CAAC,CAAC,CAAC;IAE3E,OAAO,IAAI,CAAC;AACd,CAAC,CAAC;AAWF,kCAAkC;AACnB,KAAK,oBAIlB,KAAa,EACb,EAAE,IAAI,EAAE,UAAU,EAAE,SAAS,EAAE,aAAa,EAAE,SAAS,EAAE,GAAG,KAAK,EAAU;IAE3E,MAAM,eAAe,GAAG,KAAK,CAAC,IAAI,CAAC,QAAQ,CAAC,eAAe,CAAC,CAAC;IAC7D,iDAAiD;IAEjD,MAAM,IAAI,GAAG,WAAW,CAAC,KAAK,EAAE,eAAe,CAAC,CAAC;IAEjD,MAAM,QAAQ,GAAG,IAAI,KAAK,CACxB,IAAI,EACJ,EAAE,IAAI,EAAE,GAAG,KAAK,EAAE,IAAI,EAAE,sBAAW,EAAE,EACrC,EAAE,SAAS,EAAE,MAAM,EAAE,SAAS,EAAE,aAAa,EAAE,mBAAmB,EAAE,IAAI,EAAE,CAC3E,CAAC;IAEF,iCAAiC;IACjC,IAAI,MAAM,GAAoD,SAAS,CAAC;IACxE,IAAI,IAAI,EAAE;QACR,MAAM,GAAG,IAAA,gBAAM,EAAC,EAAE,IAAI,EAAE,UAAU,EAAE,QAAQ,CAAC,EAAE,EAAE,SAAS,EAAE,QAAQ,EAAE,CAAC,CAAC;KACzE;IAED,yBAAyB;IACzB,IAAI,UAAU,GAAkC,SAAS,CAAC;IAC1D,IAAI,UAAU,EAAE;QACd,UAAU,GAAG,MAAM,IAAA,0BAAgB,EAAC;YAClC,IAAI;YACJ,gBAAgB,EAAE,QAAQ,CAAC,EAAE;YAC7B,GAAG,UAAU;YACb,SAAS,EAAE,QAAQ;SACpB,CAAC,CAAC;KACJ;IAED,OAAO,EAAE,QAAQ,EAAE,MAAM,EAAE,UAAU,EAAE,CAAC;AAC1C,CAAC;AApCD,4BAoCC","sourcesContent":["import * as authorization from '@pulumi/azure-native/authorization';\nimport * as pulumi from '@pulumi/pulumi';\n\nimport { DefaultResourceArgs } from '../types';\nimport { DiagnosticSetting } from '@pulumi/azure-native/aadiam/diagnosticSetting';\nimport Locker from './Locker';\nimport { createDiagnostic } from '../Logs/Helpers';\nimport { defaultTags } from '../Common/AzureEnv';\n\nconst tryFindName = (props: any, isResourceGroup: boolean) => {\n  //If resource group then just return the resourceGroupName or name.\n  if (isResourceGroup) return props.resourceGroupName || props.name;\n\n  let name = props.resourceName || props.name;\n\n  if (!name) {\n    const keys = Object.keys(props);\n    //Try to find the name that is not a resourceGroupName\n    let key = keys.find((k) => k.endsWith('Name') && k !== 'resourceGroupName');\n\n    if (key) {\n      //console.log('Found the Name is: ', key);\n      name = props[key];\n    }\n  }\n\n  if (!name)\n    throw new Error('Name is not able to find in: ' + JSON.stringify(props));\n\n  return name;\n};\n\ntype ClassOf<T> = new (\n  name: string,\n  props: any,\n  opts?: pulumi.CustomResourceOptions\n) => T & {\n  id: pulumi.Output<string>;\n  urn: pulumi.Output<string>;\n};\n\n/** Create Resource with Locker */\nexport default async function <\n  TClass extends ClassOf<pulumi.CustomResource>,\n  TProps extends Omit<DefaultResourceArgs, 'name' | 'group'>\n>(\n  Class: TClass,\n  { lock, monitoring, dependsOn, ignoreChanges, importUri, ...props }: TProps\n) {\n  const isResourceGroup = Class.name.endsWith('ResourceGroup');\n  //console.log('Creating Resource: ', Class.name);\n\n  const name = tryFindName(props, isResourceGroup);\n\n  const resource = new Class(\n    name,\n    { name, ...props, tags: defaultTags },\n    { dependsOn, import: importUri, ignoreChanges, deleteBeforeReplace: true }\n  );\n\n  //Lock Azure Resource from Delete\n  let locker: authorization.ManagementLockByScope | undefined = undefined;\n  if (lock) {\n    locker = Locker({ name, resourceId: resource.id, dependsOn: resource });\n  }\n\n  //Azure DiagnosticSetting\n  let diagnostic: DiagnosticSetting | undefined = undefined;\n  if (monitoring) {\n    diagnostic = await createDiagnostic({\n      name,\n      targetResourceId: resource.id,\n      ...monitoring,\n      dependsOn: resource,\n    });\n  }\n\n  return { resource, locker, diagnostic };\n}\n"]},"_coverageSchema":"1a1c01bbd47fc00a2c39e90264f33305004495a9","hash":"1f5c322294ee052d0901a0d6e2997e2eae3beb4f","contentHash":"d89a1e8271d412a5645c2ce59865ba50a05c57b588140f4fcb96991876c0d892"},"/Volumes/VMs_2T/_STADIOS/Pulse.Infra/_Shared/Core/Locker.ts":{"path":"/Volumes/VMs_2T/_STADIOS/Pulse.Infra/_Shared/Core/Locker.ts","statementMap":{"0":{"start":{"line":2,"column":22},"end":{"line":12,"column":3}},"1":{"start":{"line":3,"column":4},"end":{"line":3,"column":33}},"2":{"start":{"line":3,"column":26},"end":{"line":3,"column":33}},"3":{"start":{"line":4,"column":15},"end":{"line":4,"column":52}},"4":{"start":{"line":5,"column":4},"end":{"line":7,"column":5}},"5":{"start":{"line":6,"column":6},"end":{"line":6,"column":68}},"6":{"start":{"line":6,"column":51},"end":{"line":6,"column":63}},"7":{"start":{"line":8,"column":4},"end":{"line":8,"column":39}},"8":{"start":{"line":10,"column":4},"end":{"line":10,"column":33}},"9":{"start":{"line":10,"column":26},"end":{"line":10,"column":33}},"10":{"start":{"line":11,"column":4},"end":{"line":11,"column":17}},"11":{"start":{"line":13,"column":25},"end":{"line":17,"column":2}},"12":{"start":{"line":14,"column":4},"end":{"line":14,"column":72}},"13":{"start":{"line":16,"column":4},"end":{"line":16,"column":21}},"14":{"start":{"line":18,"column":19},"end":{"line":24,"column":1}},"15":{"start":{"line":19,"column":4},"end":{"line":19,"column":42}},"16":{"start":{"line":19,"column":31},"end":{"line":19,"column":42}},"17":{"start":{"line":20,"column":17},"end":{"line":20,"column":19}},"18":{"start":{"line":21,"column":4},"end":{"line":21,"column":141}},"19":{"start":{"line":21,"column":21},"end":{"line":21,"column":141}},"20":{"start":{"line":21,"column":40},"end":{"line":21,"column":141}},"21":{"start":{"line":21,"column":109},"end":{"line":21,"column":141}},"22":{"start":{"line":22,"column":4},"end":{"line":22,"column":36}},"23":{"start":{"line":23,"column":4},"end":{"line":23,"column":18}},"24":{"start":{"line":25,"column":0},"end":{"line":25,"column":62}},"25":{"start":{"line":26,"column":22},"end":{"line":26,"column":81}},"26":{"start":{"line":28,"column":0},"end":{"line":36,"column":2}},"27":{"start":{"line":29,"column":14},"end":{"line":29,"column":32}},"28":{"start":{"line":30,"column":4},"end":{"line":35,"column":31}}},"fnMap":{"0":{"name":"(anonymous_0)","decl":{"start":{"line":2,"column":74},"end":{"line":2,"column":75}},"loc":{"start":{"line":2,"column":96},"end":{"line":9,"column":1}},"line":2},"1":{"name":"(anonymous_1)","decl":{"start":{"line":6,"column":38},"end":{"line":6,"column":39}},"loc":{"start":{"line":6,"column":49},"end":{"line":6,"column":65}},"line":6},"2":{"name":"(anonymous_2)","decl":{"start":{"line":9,"column":6},"end":{"line":9,"column":7}},"loc":{"start":{"line":9,"column":28},"end":{"line":12,"column":1}},"line":9},"3":{"name":"(anonymous_3)","decl":{"start":{"line":13,"column":80},"end":{"line":13,"column":81}},"loc":{"start":{"line":13,"column":95},"end":{"line":15,"column":1}},"line":13},"4":{"name":"(anonymous_4)","decl":{"start":{"line":15,"column":5},"end":{"line":15,"column":6}},"loc":{"start":{"line":15,"column":20},"end":{"line":17,"column":1}},"line":15},"5":{"name":"(anonymous_5)","decl":{"start":{"line":18,"column":50},"end":{"line":18,"column":51}},"loc":{"start":{"line":18,"column":65},"end":{"line":24,"column":1}},"line":18},"6":{"name":"(anonymous_6)","decl":{"start":{"line":28,"column":18},"end":{"line":28,"column":19}},"loc":{"start":{"line":28,"column":118},"end":{"line":36,"column":1}},"line":28}},"branchMap":{"0":{"loc":{"start":{"line":2,"column":22},"end":{"line":12,"column":3}},"type":"binary-expr","locations":[{"start":{"line":2,"column":23},"end":{"line":2,"column":27}},{"start":{"line":2,"column":31},"end":{"line":2,"column":51}},{"start":{"line":2,"column":57},"end":{"line":12,"column":2}}],"line":2},"1":{"loc":{"start":{"line":2,"column":57},"end":{"line":12,"column":2}},"type":"cond-expr","locations":[{"start":{"line":2,"column":74},"end":{"line":9,"column":1}},{"start":{"line":9,"column":6},"end":{"line":12,"column":1}}],"line":2},"2":{"loc":{"start":{"line":3,"column":4},"end":{"line":3,"column":33}},"type":"if","locations":[{"start":{"line":3,"column":4},"end":{"line":3,"column":33}},{"start":{"line":3,"column":4},"end":{"line":3,"column":33}}],"line":3},"3":{"loc":{"start":{"line":5,"column":4},"end":{"line":7,"column":5}},"type":"if","locations":[{"start":{"line":5,"column":4},"end":{"line":7,"column":5}},{"start":{"line":5,"column":4},"end":{"line":7,"column":5}}],"line":5},"4":{"loc":{"start":{"line":5,"column":8},"end":{"line":5,"column":85}},"type":"binary-expr","locations":[{"start":{"line":5,"column":8},"end":{"line":5,"column":13}},{"start":{"line":5,"column":18},"end":{"line":5,"column":84}}],"line":5},"5":{"loc":{"start":{"line":5,"column":18},"end":{"line":5,"column":84}},"type":"cond-expr","locations":[{"start":{"line":5,"column":34},"end":{"line":5,"column":47}},{"start":{"line":5,"column":50},"end":{"line":5,"column":84}}],"line":5},"6":{"loc":{"start":{"line":5,"column":50},"end":{"line":5,"column":84}},"type":"binary-expr","locations":[{"start":{"line":5,"column":50},"end":{"line":5,"column":63}},{"start":{"line":5,"column":67},"end":{"line":5,"column":84}}],"line":5},"7":{"loc":{"start":{"line":10,"column":4},"end":{"line":10,"column":33}},"type":"if","locations":[{"start":{"line":10,"column":4},"end":{"line":10,"column":33}},{"start":{"line":10,"column":4},"end":{"line":10,"column":33}}],"line":10},"8":{"loc":{"start":{"line":13,"column":25},"end":{"line":17,"column":2}},"type":"binary-expr","locations":[{"start":{"line":13,"column":26},"end":{"line":13,"column":30}},{"start":{"line":13,"column":34},"end":{"line":13,"column":57}},{"start":{"line":13,"column":63},"end":{"line":17,"column":1}}],"line":13},"9":{"loc":{"start":{"line":13,"column":63},"end":{"line":17,"column":1}},"type":"cond-expr","locations":[{"start":{"line":13,"column":80},"end":{"line":15,"column":1}},{"start":{"line":15,"column":5},"end":{"line":17,"column":1}}],"line":13},"10":{"loc":{"start":{"line":18,"column":19},"end":{"line":24,"column":1}},"type":"binary-expr","locations":[{"start":{"line":18,"column":20},"end":{"line":18,"column":24}},{"start":{"line":18,"column":28},"end":{"line":18,"column":45}},{"start":{"line":18,"column":50},"end":{"line":24,"column":1}}],"line":18},"11":{"loc":{"start":{"line":19,"column":4},"end":{"line":19,"column":42}},"type":"if","locations":[{"start":{"line":19,"column":4},"end":{"line":19,"column":42}},{"start":{"line":19,"column":4},"end":{"line":19,"column":42}}],"line":19},"12":{"loc":{"start":{"line":19,"column":8},"end":{"line":19,"column":29}},"type":"binary-expr","locations":[{"start":{"line":19,"column":8},"end":{"line":19,"column":11}},{"start":{"line":19,"column":15},"end":{"line":19,"column":29}}],"line":19},"13":{"loc":{"start":{"line":21,"column":4},"end":{"line":21,"column":141}},"type":"if","locations":[{"start":{"line":21,"column":4},"end":{"line":21,"column":141}},{"start":{"line":21,"column":4},"end":{"line":21,"column":141}}],"line":21},"14":{"loc":{"start":{"line":21,"column":40},"end":{"line":21,"column":141}},"type":"if","locations":[{"start":{"line":21,"column":40},"end":{"line":21,"column":141}},{"start":{"line":21,"column":40},"end":{"line":21,"column":141}}],"line":21},"15":{"loc":{"start":{"line":21,"column":44},"end":{"line":21,"column":107}},"type":"binary-expr","locations":[{"start":{"line":21,"column":44},"end":{"line":21,"column":59}},{"start":{"line":21,"column":63},"end":{"line":21,"column":107}}],"line":21},"16":{"loc":{"start":{"line":28,"column":39},"end":{"line":28,"column":83}},"type":"default-arg","locations":[{"start":{"line":28,"column":47},"end":{"line":28,"column":83}}],"line":28},"17":{"loc":{"start":{"line":28,"column":85},"end":{"line":28,"column":99}},"type":"default-arg","locations":[{"start":{"line":28,"column":95},"end":{"line":28,"column":99}}],"line":28}},"s":{"0":1,"1":0,"2":0,"3":0,"4":0,"5":0,"6":0,"7":0,"8":0,"9":0,"10":0,"11":1,"12":0,"13":0,"14":1,"15":1,"16":1,"17":0,"18":0,"19":0,"20":0,"21":0,"22":0,"23":0,"24":1,"25":1,"26":1,"27":0,"28":0},"f":{"0":0,"1":0,"2":0,"3":0,"4":0,"5":1,"6":0},"b":{"0":[1,1,1],"1":[1,0],"2":[0,0],"3":[0,0],"4":[0,0],"5":[0,0],"6":[0,0],"7":[0,0],"8":[1,1,1],"9":[1,0],"10":[1,1,1],"11":[1,0],"12":[1,1],"13":[0,0],"14":[0,0],"15":[0,0],"16":[0],"17":[0]},"inputSourceMap":{"version":3,"file":"/Volumes/VMs_2T/_STADIOS/Pulse.Infra/_Shared/Core/Locker.ts","sources":["/Volumes/VMs_2T/_STADIOS/Pulse.Infra/_Shared/Core/Locker.ts"],"names":[],"mappings":";;;;;;;;;;;;;;;;;;;;;;;;;AAAA,kFAAoE;AAYpE,4CAA4C;AAC5C,kBAAe,CAAC,EACd,IAAI,EACJ,UAAU,EACV,KAAK,GAAG,aAAa,CAAC,SAAS,CAAC,YAAY,EAC5C,OAAO,GAAG,IAAI,EACd,SAAS,GACH,EAAE,EAAE;IACV,MAAM,CAAC,GAAG,GAAG,IAAI,IAAI,KAAK,EAAE,CAAC;IAE7B,OAAO,IAAI,aAAa,CAAC,qBAAqB,CAC5C,IAAI,EACJ;QACE,QAAQ,EAAE,CAAC;QACX,KAAK;QACL,KAAK,EAAE,UAAU;QACjB,KAAK,EAAE,QAAQ,IAAI,SAAS,KAAK,EAAE;KACpC,EACD,EAAE,SAAS,EAAE,OAAO,EAAE,CACvB,CAAC;AACJ,CAAC,CAAC","sourcesContent":["import * as authorization from '@pulumi/azure-native/authorization';\nimport * as pulumi from '@pulumi/pulumi';\nimport { Input, Resource } from '@pulumi/pulumi';\n\ninterface Props {\n  name: string;\n  resourceId: pulumi.Output<string>;\n  level?: authorization.LockLevel;\n  protect?: boolean;\n  dependsOn?: Input<Input<Resource>[]> | Input<Resource>;\n}\n\n/** Lock Delete from Resource group level.*/\nexport default ({\n  name,\n  resourceId,\n  level = authorization.LockLevel.CanNotDelete,\n  protect = true,\n  dependsOn,\n}: Props) => {\n  const n = `${name}-${level}`;\n\n  return new authorization.ManagementLockByScope(\n    name,\n    {\n      lockName: n,\n      level,\n      scope: resourceId,\n      notes: `Lock ${name} from ${level}`,\n    },\n    { dependsOn, protect }\n  );\n};\n"]},"_coverageSchema":"1a1c01bbd47fc00a2c39e90264f33305004495a9","hash":"2351a16774acb7c903d6c8b65b8c01ac1efe44f8","contentHash":"5d0834481cd8c0760bbf0002d55b5de3d59d963ed9a4cf3f548bc392bfa8825e"},"/Volumes/VMs_2T/_STADIOS/Pulse.Infra/_Shared/Logs/Helpers.ts":{"path":"/Volumes/VMs_2T/_STADIOS/Pulse.Infra/_Shared/Logs/Helpers.ts","statementMap":{"0":{"start":{"line":2,"column":22},"end":{"line":12,"column":3}},"1":{"start":{"line":3,"column":4},"end":{"line":3,"column":33}},"2":{"start":{"line":3,"column":26},"end":{"line":3,"column":33}},"3":{"start":{"line":4,"column":15},"end":{"line":4,"column":52}},"4":{"start":{"line":5,"column":4},"end":{"line":7,"column":5}},"5":{"start":{"line":6,"column":6},"end":{"line":6,"column":68}},"6":{"start":{"line":6,"column":51},"end":{"line":6,"column":63}},"7":{"start":{"line":8,"column":4},"end":{"line":8,"column":39}},"8":{"start":{"line":10,"column":4},"end":{"line":10,"column":33}},"9":{"start":{"line":10,"column":26},"end":{"line":10,"column":33}},"10":{"start":{"line":11,"column":4},"end":{"line":11,"column":17}},"11":{"start":{"line":13,"column":25},"end":{"line":17,"column":2}},"12":{"start":{"line":14,"column":4},"end":{"line":14,"column":72}},"13":{"start":{"line":16,"column":4},"end":{"line":16,"column":21}},"14":{"start":{"line":18,"column":19},"end":{"line":24,"column":1}},"15":{"start":{"line":19,"column":4},"end":{"line":19,"column":42}},"16":{"start":{"line":19,"column":31},"end":{"line":19,"column":42}},"17":{"start":{"line":20,"column":17},"end":{"line":20,"column":19}},"18":{"start":{"line":21,"column":4},"end":{"line":21,"column":141}},"19":{"start":{"line":21,"column":21},"end":{"line":21,"column":141}},"20":{"start":{"line":21,"column":40},"end":{"line":21,"column":141}},"21":{"start":{"line":21,"column":109},"end":{"line":21,"column":141}},"22":{"start":{"line":22,"column":4},"end":{"line":22,"column":36}},"23":{"start":{"line":23,"column":4},"end":{"line":23,"column":18}},"24":{"start":{"line":25,"column":0},"end":{"line":25,"column":62}},"25":{"start":{"line":26,"column":0},"end":{"line":26,"column":144}},"26":{"start":{"line":27,"column":14},"end":{"line":27,"column":52}},"27":{"start":{"line":28,"column":15},"end":{"line":28,"column":60}},"28":{"start":{"line":29,"column":17},"end":{"line":29,"column":42}},"29":{"start":{"line":30,"column":19},"end":{"line":30,"column":48}},"30":{"start":{"line":31,"column":20},"end":{"line":31,"column":50}},"31":{"start":{"line":32,"column":17},"end":{"line":32,"column":44}},"32":{"start":{"line":33,"column":17},"end":{"line":33,"column":46}},"33":{"start":{"line":34,"column":17},"end":{"line":34,"column":45}},"34":{"start":{"line":35,"column":25},"end":{"line":70,"column":1}},"35":{"start":{"line":37,"column":4},"end":{"line":40,"column":5}},"36":{"start":{"line":38,"column":8},"end":{"line":38,"column":98}},"37":{"start":{"line":39,"column":8},"end":{"line":39,"column":25}},"38":{"start":{"line":42,"column":4},"end":{"line":45,"column":5}},"39":{"start":{"line":43,"column":8},"end":{"line":43,"column":72}},"40":{"start":{"line":44,"column":8},"end":{"line":44,"column":25}},"41":{"start":{"line":46,"column":14},"end":{"line":46,"column":28}},"42":{"start":{"line":47,"column":4},"end":{"line":69,"column":22}},"43":{"start":{"line":55,"column":44},"end":{"line":59,"column":13}},"44":{"start":{"line":63,"column":41},"end":{"line":67,"column":13}},"45":{"start":{"line":71,"column":0},"end":{"line":71,"column":44}},"46":{"start":{"line":72,"column":31},"end":{"line":77,"column":1}},"47":{"start":{"line":73,"column":4},"end":{"line":76,"column":7}},"48":{"start":{"line":78,"column":0},"end":{"line":78,"column":56}},"49":{"start":{"line":79,"column":24},"end":{"line":89,"column":1}},"50":{"start":{"line":80,"column":31},"end":{"line":80,"column":43}},"51":{"start":{"line":81,"column":27},"end":{"line":81,"column":68}},"52":{"start":{"line":82,"column":29},"end":{"line":82,"column":72}},"53":{"start":{"line":83,"column":45},"end":{"line":87,"column":6}},"54":{"start":{"line":88,"column":4},"end":{"line":88,"column":46}},"55":{"start":{"line":90,"column":0},"end":{"line":90,"column":42}},"56":{"start":{"line":91,"column":21},"end":{"line":97,"column":1}},"57":{"start":{"line":92,"column":17},"end":{"line":92,"column":54}},"58":{"start":{"line":93,"column":18},"end":{"line":93,"column":42}},"59":{"start":{"line":94,"column":15},"end":{"line":94,"column":187}},"60":{"start":{"line":95,"column":20},"end":{"line":95,"column":106}},"61":{"start":{"line":96,"column":4},"end":{"line":96,"column":40}},"62":{"start":{"line":98,"column":0},"end":{"line":98,"column":36}},"63":{"start":{"line":99,"column":26},"end":{"line":107,"column":1}},"64":{"start":{"line":100,"column":17},"end":{"line":100,"column":58}},"65":{"start":{"line":101,"column":18},"end":{"line":101,"column":42}},"66":{"start":{"line":102,"column":15},"end":{"line":102,"column":180}},"67":{"start":{"line":103,"column":20},"end":{"line":105,"column":19}},"68":{"start":{"line":106,"column":4},"end":{"line":106,"column":40}},"69":{"start":{"line":108,"column":0},"end":{"line":108,"column":46}}},"fnMap":{"0":{"name":"(anonymous_0)","decl":{"start":{"line":2,"column":74},"end":{"line":2,"column":75}},"loc":{"start":{"line":2,"column":96},"end":{"line":9,"column":1}},"line":2},"1":{"name":"(anonymous_1)","decl":{"start":{"line":6,"column":38},"end":{"line":6,"column":39}},"loc":{"start":{"line":6,"column":49},"end":{"line":6,"column":65}},"line":6},"2":{"name":"(anonymous_2)","decl":{"start":{"line":9,"column":6},"end":{"line":9,"column":7}},"loc":{"start":{"line":9,"column":28},"end":{"line":12,"column":1}},"line":9},"3":{"name":"(anonymous_3)","decl":{"start":{"line":13,"column":80},"end":{"line":13,"column":81}},"loc":{"start":{"line":13,"column":95},"end":{"line":15,"column":1}},"line":13},"4":{"name":"(anonymous_4)","decl":{"start":{"line":15,"column":5},"end":{"line":15,"column":6}},"loc":{"start":{"line":15,"column":20},"end":{"line":17,"column":1}},"line":15},"5":{"name":"(anonymous_5)","decl":{"start":{"line":18,"column":50},"end":{"line":18,"column":51}},"loc":{"start":{"line":18,"column":65},"end":{"line":24,"column":1}},"line":18},"6":{"name":"(anonymous_6)","decl":{"start":{"line":35,"column":25},"end":{"line":35,"column":26}},"loc":{"start":{"line":35,"column":150},"end":{"line":70,"column":1}},"line":35},"7":{"name":"(anonymous_7)","decl":{"start":{"line":55,"column":36},"end":{"line":55,"column":37}},"loc":{"start":{"line":55,"column":44},"end":{"line":59,"column":13}},"line":55},"8":{"name":"(anonymous_8)","decl":{"start":{"line":63,"column":33},"end":{"line":63,"column":34}},"loc":{"start":{"line":63,"column":41},"end":{"line":67,"column":13}},"line":63},"9":{"name":"(anonymous_9)","decl":{"start":{"line":72,"column":31},"end":{"line":72,"column":32}},"loc":{"start":{"line":72,"column":64},"end":{"line":77,"column":1}},"line":72},"10":{"name":"(anonymous_10)","decl":{"start":{"line":79,"column":24},"end":{"line":79,"column":25}},"loc":{"start":{"line":79,"column":62},"end":{"line":89,"column":1}},"line":79},"11":{"name":"(anonymous_11)","decl":{"start":{"line":91,"column":21},"end":{"line":91,"column":22}},"loc":{"start":{"line":91,"column":58},"end":{"line":97,"column":1}},"line":91},"12":{"name":"(anonymous_12)","decl":{"start":{"line":99,"column":26},"end":{"line":99,"column":27}},"loc":{"start":{"line":99,"column":65},"end":{"line":107,"column":1}},"line":99}},"branchMap":{"0":{"loc":{"start":{"line":2,"column":22},"end":{"line":12,"column":3}},"type":"binary-expr","locations":[{"start":{"line":2,"column":23},"end":{"line":2,"column":27}},{"start":{"line":2,"column":31},"end":{"line":2,"column":51}},{"start":{"line":2,"column":57},"end":{"line":12,"column":2}}],"line":2},"1":{"loc":{"start":{"line":2,"column":57},"end":{"line":12,"column":2}},"type":"cond-expr","locations":[{"start":{"line":2,"column":74},"end":{"line":9,"column":1}},{"start":{"line":9,"column":6},"end":{"line":12,"column":1}}],"line":2},"2":{"loc":{"start":{"line":3,"column":4},"end":{"line":3,"column":33}},"type":"if","locations":[{"start":{"line":3,"column":4},"end":{"line":3,"column":33}},{"start":{"line":3,"column":4},"end":{"line":3,"column":33}}],"line":3},"3":{"loc":{"start":{"line":5,"column":4},"end":{"line":7,"column":5}},"type":"if","locations":[{"start":{"line":5,"column":4},"end":{"line":7,"column":5}},{"start":{"line":5,"column":4},"end":{"line":7,"column":5}}],"line":5},"4":{"loc":{"start":{"line":5,"column":8},"end":{"line":5,"column":85}},"type":"binary-expr","locations":[{"start":{"line":5,"column":8},"end":{"line":5,"column":13}},{"start":{"line":5,"column":18},"end":{"line":5,"column":84}}],"line":5},"5":{"loc":{"start":{"line":5,"column":18},"end":{"line":5,"column":84}},"type":"cond-expr","locations":[{"start":{"line":5,"column":34},"end":{"line":5,"column":47}},{"start":{"line":5,"column":50},"end":{"line":5,"column":84}}],"line":5},"6":{"loc":{"start":{"line":5,"column":50},"end":{"line":5,"column":84}},"type":"binary-expr","locations":[{"start":{"line":5,"column":50},"end":{"line":5,"column":63}},{"start":{"line":5,"column":67},"end":{"line":5,"column":84}}],"line":5},"7":{"loc":{"start":{"line":10,"column":4},"end":{"line":10,"column":33}},"type":"if","locations":[{"start":{"line":10,"column":4},"end":{"line":10,"column":33}},{"start":{"line":10,"column":4},"end":{"line":10,"column":33}}],"line":10},"8":{"loc":{"start":{"line":13,"column":25},"end":{"line":17,"column":2}},"type":"binary-expr","locations":[{"start":{"line":13,"column":26},"end":{"line":13,"column":30}},{"start":{"line":13,"column":34},"end":{"line":13,"column":57}},{"start":{"line":13,"column":63},"end":{"line":17,"column":1}}],"line":13},"9":{"loc":{"start":{"line":13,"column":63},"end":{"line":17,"column":1}},"type":"cond-expr","locations":[{"start":{"line":13,"column":80},"end":{"line":15,"column":1}},{"start":{"line":15,"column":5},"end":{"line":17,"column":1}}],"line":13},"10":{"loc":{"start":{"line":18,"column":19},"end":{"line":24,"column":1}},"type":"binary-expr","locations":[{"start":{"line":18,"column":20},"end":{"line":18,"column":24}},{"start":{"line":18,"column":28},"end":{"line":18,"column":45}},{"start":{"line":18,"column":50},"end":{"line":24,"column":1}}],"line":18},"11":{"loc":{"start":{"line":19,"column":4},"end":{"line":19,"column":42}},"type":"if","locations":[{"start":{"line":19,"column":4},"end":{"line":19,"column":42}},{"start":{"line":19,"column":4},"end":{"line":19,"column":42}}],"line":19},"12":{"loc":{"start":{"line":19,"column":8},"end":{"line":19,"column":29}},"type":"binary-expr","locations":[{"start":{"line":19,"column":8},"end":{"line":19,"column":11}},{"start":{"line":19,"column":15},"end":{"line":19,"column":29}}],"line":19},"13":{"loc":{"start":{"line":21,"column":4},"end":{"line":21,"column":141}},"type":"if","locations":[{"start":{"line":21,"column":4},"end":{"line":21,"column":141}},{"start":{"line":21,"column":4},"end":{"line":21,"column":141}}],"line":21},"14":{"loc":{"start":{"line":21,"column":40},"end":{"line":21,"column":141}},"type":"if","locations":[{"start":{"line":21,"column":40},"end":{"line":21,"column":141}},{"start":{"line":21,"column":40},"end":{"line":21,"column":141}}],"line":21},"15":{"loc":{"start":{"line":21,"column":44},"end":{"line":21,"column":107}},"type":"binary-expr","locations":[{"start":{"line":21,"column":44},"end":{"line":21,"column":59}},{"start":{"line":21,"column":63},"end":{"line":21,"column":107}}],"line":21},"16":{"loc":{"start":{"line":35,"column":81},"end":{"line":35,"column":115}},"type":"default-arg","locations":[{"start":{"line":35,"column":101},"end":{"line":35,"column":115}}],"line":35},"17":{"loc":{"start":{"line":37,"column":4},"end":{"line":40,"column":5}},"type":"if","locations":[{"start":{"line":37,"column":4},"end":{"line":40,"column":5}},{"start":{"line":37,"column":4},"end":{"line":40,"column":5}}],"line":37},"18":{"loc":{"start":{"line":37,"column":8},"end":{"line":37,"column":33}},"type":"binary-expr","locations":[{"start":{"line":37,"column":8},"end":{"line":37,"column":16}},{"start":{"line":37,"column":20},"end":{"line":37,"column":33}}],"line":37},"19":{"loc":{"start":{"line":42,"column":4},"end":{"line":45,"column":5}},"type":"if","locations":[{"start":{"line":42,"column":4},"end":{"line":45,"column":5}},{"start":{"line":42,"column":4},"end":{"line":45,"column":5}}],"line":42},"20":{"loc":{"start":{"line":52,"column":26},"end":{"line":52,"column":60}},"type":"cond-expr","locations":[{"start":{"line":52,"column":36},"end":{"line":52,"column":45}},{"start":{"line":52,"column":48},"end":{"line":52,"column":60}}],"line":52},"21":{"loc":{"start":{"line":54,"column":17},"end":{"line":60,"column":23}},"type":"cond-expr","locations":[{"start":{"line":55,"column":14},"end":{"line":59,"column":15}},{"start":{"line":60,"column":14},"end":{"line":60,"column":23}}],"line":54},"22":{"loc":{"start":{"line":62,"column":14},"end":{"line":68,"column":23}},"type":"cond-expr","locations":[{"start":{"line":63,"column":14},"end":{"line":67,"column":15}},{"start":{"line":68,"column":14},"end":{"line":68,"column":23}}],"line":62},"23":{"loc":{"start":{"line":95,"column":20},"end":{"line":95,"column":106}},"type":"cond-expr","locations":[{"start":{"line":95,"column":32},"end":{"line":95,"column":94}},{"start":{"line":95,"column":97},"end":{"line":95,"column":106}}],"line":95},"24":{"loc":{"start":{"line":103,"column":20},"end":{"line":105,"column":19}},"type":"cond-expr","locations":[{"start":{"line":104,"column":10},"end":{"line":104,"column":75}},{"start":{"line":105,"column":10},"end":{"line":105,"column":19}}],"line":103}},"s":{"0":1,"1":0,"2":0,"3":0,"4":0,"5":0,"6":0,"7":0,"8":0,"9":0,"10":0,"11":1,"12":0,"13":0,"14":1,"15":2,"16":2,"17":0,"18":0,"19":0,"20":0,"21":0,"22":0,"23":0,"24":1,"25":1,"26":1,"27":1,"28":1,"29":1,"30":1,"31":1,"32":1,"33":1,"34":1,"35":0,"36":0,"37":0,"38":0,"39":0,"40":0,"41":0,"42":0,"43":0,"44":0,"45":1,"46":1,"47":0,"48":1,"49":1,"50":0,"51":0,"52":0,"53":0,"54":0,"55":1,"56":1,"57":0,"58":0,"59":0,"60":0,"61":0,"62":1,"63":1,"64":0,"65":0,"66":0,"67":0,"68":0,"69":1},"f":{"0":0,"1":0,"2":0,"3":0,"4":0,"5":2,"6":0,"7":0,"8":0,"9":0,"10":0,"11":0,"12":0},"b":{"0":[1,1,1],"1":[1,0],"2":[0,0],"3":[0,0],"4":[0,0],"5":[0,0],"6":[0,0],"7":[0,0],"8":[1,1,1],"9":[1,0],"10":[1,1,1],"11":[2,0],"12":[2,2],"13":[0,0],"14":[0,0],"15":[0,0],"16":[0],"17":[0,0],"18":[0,0],"19":[0,0],"20":[0,0],"21":[0,0],"22":[0,0],"23":[0,0],"24":[0,0]},"inputSourceMap":{"version":3,"file":"/Volumes/VMs_2T/_STADIOS/Pulse.Infra/_Shared/Logs/Helpers.ts","sources":["/Volumes/VMs_2T/_STADIOS/Pulse.Infra/_Shared/Logs/Helpers.ts"],"names":[],"mappings":";;;;;;;;;;;;;;;;;;;;;;;;;;AAAA,qDAAuC;AACvC,6DAA+C;AAC/C,2CAAoD;AAEpD,iDAAoD;AACpD,mDAAmD;AACnD,6CAA4E;AAC5E,+CAA+C;AAC/C,8CAAsD;AAI/C,MAAM,gBAAgB,GAAG,KAAK,EAAE,EACrC,IAAI,EACJ,gBAAgB,EAChB,OAAO,EACP,YAAY,EACZ,iBAAiB,GAAG,CAAC,YAAY,CAAC,EAClC,cAAc,EACd,SAAS,GACO,EAAE,EAAE;IACpB,4CAA4C;IAC5C,IAAI,CAAC,OAAO,IAAI,CAAC,YAAY,EAAE;QAC7B,OAAO,CAAC,KAAK,CACX,mBAAmB,IAAI,mDAAmD,CAC3E,CAAC;QACF,OAAO,SAAS,CAAC;KAClB;IAED,kCAAkC;IAClC,IAAI,CAAC,gBAAgB,EAAE;QACrB,OAAO,CAAC,KAAK,CAAC,uBAAuB,IAAI,qBAAqB,CAAC,CAAC;QAChE,OAAO,SAAS,CAAC;KAClB;IAED,MAAM,CAAC,GAAG,GAAG,IAAI,OAAO,CAAC;IACzB,OAAO,IAAI,MAAM,CAAC,QAAQ,CAAC,iBAAiB,CAC1C,CAAC,EACD;QACE,IAAI,EAAE,CAAC;QACP,WAAW,EAAE,gBAAgB;QAC7B,2BAA2B,EAAE,kBAAkB;QAE/C,WAAW,EAAE,OAAO;QACpB,gBAAgB,EAAE,OAAO,CAAC,CAAC,CAAC,SAAS,CAAC,CAAC,CAAC,YAAY;QAEpD,QAAQ;QACR,OAAO,EAAE,iBAAiB;YACxB,CAAC,CAAC,iBAAiB,CAAC,GAAG,CAAC,CAAC,CAAC,EAAE,EAAE,CAAC,CAAC;gBAC9B,QAAQ,EAAE,CAAC;gBACX,eAAe,EAAE,EAAE,OAAO,EAAE,KAAK,EAAE,IAAI,EAAE,CAAC,EAAE;gBAC5C,OAAO,EAAE,IAAI;aACd,CAAC,CAAC;YACH,CAAC,CAAC,SAAS;QACb,MAAM;QACN,IAAI,EAAE,cAAc;YAClB,CAAC,CAAC,cAAc,CAAC,GAAG,CAAC,CAAC,CAAC,EAAE,EAAE,CAAC,CAAC;gBAC3B,QAAQ,EAAE,CAAC;gBACX,eAAe,EAAE,EAAE,OAAO,EAAE,KAAK,EAAE,IAAI,EAAE,CAAC,EAAE;gBAC5C,OAAO,EAAE,IAAI;aACd,CAAC,CAAC;YACH,CAAC,CAAC,SAAS;KACd,EACD,EAAE,SAAS,EAAE,CACd,CAAC;AACJ,CAAC,CAAC;AArDW,QAAA,gBAAgB,oBAqD3B;AAOK,MAAM,sBAAsB,GAAG,CAAC,EACrC,IAAI,EACJ,gBAAgB,GACM,EAAE,EAAE;IAC1B,OAAO,IAAI,KAAK,CAAC,cAAc,CAAC,wBAAwB,CAAC,IAAI,EAAE;QAC7D,OAAO,EAAE,IAAI;QACb,gBAAgB;KACjB,CAAC,CAAC;AACL,CAAC,CAAC;AARW,QAAA,sBAAsB,0BAQjC;AAEK,MAAM,eAAe,GAAG,KAAK,EAAE,EAAE,IAAI,EAAE,KAAK,EAAE,SAAS,EAAuE,EAAE,EAAE;IAEvI,MAAM,kBAAkB,GAAG,GAAG,IAAI,KAAK,CAAC;IACxC,MAAM,cAAc,GAAG,IAAA,mBAAU,EAAC,IAAI,EAAE,SAAS,CAAC,CAAC;IACnD,MAAM,gBAAgB,GAAG,IAAA,mBAAU,EAAC,IAAI,EAAE,WAAW,CAAC,CAAC;IAEvD,MAAM,CAAC,IAAI,EAAE,UAAU,EAAE,YAAY,CAAC,GAAG,MAAM,OAAO,CAAC,GAAG,CAAC;QACzD,IAAA,kBAAS,EAAC,EAAE,IAAI,EAAE,kBAAkB,EAAE,SAAS,EAAE,CAAC;QAClD,IAAA,kBAAS,EAAC,EAAE,IAAI,EAAE,cAAc,EAAE,aAAa,EAAE,IAAI,EAAE,SAAS,EAAE,CAAC;QACnE,IAAA,kBAAS,EAAC,EAAE,IAAI,EAAE,gBAAgB,EAAE,aAAa,EAAE,IAAI,EAAE,SAAS,EAAE,CAAC;KACtE,CAAC,CAAC;IAEH,OAAO,EAAE,IAAI,EAAE,UAAU,EAAE,YAAY,EAAE,CAAC;AAC5C,CAAC,CAAC;AAbW,QAAA,eAAe,mBAa1B;AAEK,MAAM,YAAY,GAAG,KAAK,EAAE,EACjC,SAAS,EACT,SAAS,GAIV,EAAE,EAAE;IACH,MAAM,IAAI,GAAG,IAAA,qBAAY,EAAC,SAAS,CAAC,CAAC;IACrC,MAAM,KAAK,GAAG,wBAAY,CAAC;IAC3B,MAAM,EAAE,GAAG,IAAA,oBAAW,EAAA,kBAAkB,yBAAc,mBAAmB,KAAK,CAAC,iBAAiB,uDAAuD,IAAI,EAAE,CAAC;IAE9J,MAAM,OAAO,GAAG,SAAS,CAAC,CAAC,CAAC,MAAM,IAAA,uBAAe,EAAC,EAAE,IAAI,EAAE,KAAK,EAAE,SAAS,EAAE,CAAC,CAAC,CAAC,CAAC,SAAS,CAAC;IAE1F,OAAO,EAAE,IAAI,EAAE,KAAK,EAAE,EAAE,EAAE,OAAO,EAAE,CAAC;AACtC,CAAC,CAAC;AAdW,QAAA,YAAY,gBAcvB;AAEK,MAAM,iBAAiB,GAAG,KAAK,EAAE,EACtC,WAAW,EACX,SAAS,GAIV,EAAE,EAAE;IACH,MAAM,IAAI,GAAG,IAAA,uBAAc,EAAC,WAAW,CAAC,CAAC;IACzC,MAAM,KAAK,GAAG,wBAAY,CAAC;IAC3B,MAAM,EAAE,GAAG,IAAA,oBAAW,EAAA,kBAAkB,yBAAc,mBAAmB,KAAK,CAAC,iBAAiB,gDAAgD,IAAI,EAAE,CAAC;IAEvJ,MAAM,OAAO,GAAG,SAAS;QACvB,CAAC,CAAC,MAAM,IAAA,0BAAiB,EAAC,EAAE,IAAI,EAAE,KAAK,EAAE,SAAS,EAAE,CAAC;QACrD,CAAC,CAAC,SAAS,CAAC;IAEd,OAAO,EAAE,IAAI,EAAE,KAAK,EAAE,EAAE,EAAE,OAAO,EAAE,CAAC;AACtC,CAAC,CAAC;AAhBW,QAAA,iBAAiB,qBAgB5B","sourcesContent":["import * as azure from '@pulumi/azure';\nimport * as native from '@pulumi/azure-native';\nimport { Input, interpolate } from '@pulumi/pulumi';\n\nimport { subscriptionId } from '../Common/AzureEnv';\nimport { logGroupInfo } from '../Common/GlobalEnv';\nimport { getKeyName, getLogWpName, getStorageName } from '../Common/Naming';\nimport { getSecret } from '../KeyVault/Helper';\nimport { getStorageSecrets } from '../Storage/Helper';\nimport { DiagnosticProps, KeyVaultInfo } from '../types';\nimport { ResourceGroupInfo } from './../types.d';\n\nexport const createDiagnostic = async ({\n  name,\n  targetResourceId,\n  logWpId,\n  logStorageId,\n  metricsCategories = [\"AllMetrics\"],\n  logsCategories,\n  dependsOn,\n}: DiagnosticProps) => {\n  //Ensure logWpId or logStorageId is provided\n  if (!logWpId && !logStorageId) {\n    console.error(\n      `Diagnostic for \"${name}\" must have either a \"logWpId\" or \"logStorageId\".`\n    );\n    return undefined;\n  }\n\n  //Ensure targetResourceId is valid\n  if (!targetResourceId) {\n    console.error(`Target resource of \"${name}\" must beprovided .`);\n    return undefined;\n  }\n\n  const n = `${name}-diag`;\n  return new native.insights.DiagnosticSetting(\n    n,\n    {\n      name: n,\n      resourceUri: targetResourceId,\n      logAnalyticsDestinationType: \"AzureDiagnostics\",\n\n      workspaceId: logWpId,\n      storageAccountId: logWpId ? undefined : logStorageId,\n\n      //Metric\n      metrics: metricsCategories\n        ? metricsCategories.map((c) => ({\n          category: c,\n          retentionPolicy: { enabled: false, days: 7 },\n          enabled: true,\n        }))\n        : undefined,\n      //Logs\n      logs: logsCategories\n        ? logsCategories.map((c) => ({\n          category: c,\n          retentionPolicy: { enabled: false, days: 7 },\n          enabled: true,\n        }))\n        : undefined,\n    },\n    { dependsOn }\n  );\n};\n\ninterface ThreatProtectionProps {\n  name: string;\n  targetResourceId: Input<string>;\n}\n\nexport const createThreatProtection = ({\n  name,\n  targetResourceId,\n}: ThreatProtectionProps) => {\n  return new azure.securitycenter.AdvancedThreatProtection(name, {\n    enabled: true,\n    targetResourceId,\n  });\n};\n\nexport const getLogWpSecrets = async ({ name, group, vaultInfo }: { name: string, group: ResourceGroupInfo, vaultInfo: KeyVaultInfo }) => {\n\n  const workspaceIdKeyName = `${name}-Id`;\n  const primaryKeyName = getKeyName(name, \"primary\");\n  const secondaryKeyName = getKeyName(name, \"secondary\");\n\n  const [wpId, primaryKey, secondaryKey] = await Promise.all([\n    getSecret({ name: workspaceIdKeyName, vaultInfo }),\n    getSecret({ name: primaryKeyName, nameFormatted: true, vaultInfo }),\n    getSecret({ name: secondaryKeyName, nameFormatted: true, vaultInfo }),\n  ]);\n\n  return { wpId, primaryKey, secondaryKey };\n};\n\nexport const getLogWpInfo = async ({\n  logWpName,\n  vaultInfo,\n}: {\n  logWpName: string;\n  vaultInfo?: KeyVaultInfo;\n}) => {\n  const name = getLogWpName(logWpName);\n  const group = logGroupInfo;\n  const id = interpolate`/subscriptions/${subscriptionId}/resourcegroups/${group.resourceGroupName}/providers/microsoft.operationalinsights/workspaces/${name}`;\n\n  const secrets = vaultInfo ? await getLogWpSecrets({ name, group, vaultInfo }) : undefined;\n\n  return { name, group, id, secrets };\n};\n\nexport const getLogStorageInfo = async ({\n  storageName,\n  vaultInfo,\n}: {\n  storageName: string;\n  vaultInfo?: KeyVaultInfo;\n}) => {\n  const name = getStorageName(storageName);\n  const group = logGroupInfo;\n  const id = interpolate`/subscriptions/${subscriptionId}/resourcegroups/${group.resourceGroupName}/providers/Microsoft.Storage/storageAccounts/${name}`;\n\n  const secrets = vaultInfo\n    ? await getStorageSecrets({ name, group, vaultInfo })\n    : undefined;\n\n  return { name, group, id, secrets };\n};\n"]},"_coverageSchema":"1a1c01bbd47fc00a2c39e90264f33305004495a9","hash":"7266d59db41365a8d2a3f579f7be370774d9de1c","contentHash":"3631760c76d7b3ba8db3f54f0808f520d5e26fff40eb8d976ddae78dd2819480"},"/Volumes/VMs_2T/_STADIOS/Pulse.Infra/_Shared/Common/AzureEnv.ts":{"path":"/Volumes/VMs_2T/_STADIOS/Pulse.Infra/_Shared/Common/AzureEnv.ts","statementMap":{"0":{"start":{"line":2,"column":22},"end":{"line":12,"column":3}},"1":{"start":{"line":3,"column":4},"end":{"line":3,"column":33}},"2":{"start":{"line":3,"column":26},"end":{"line":3,"column":33}},"3":{"start":{"line":4,"column":15},"end":{"line":4,"column":52}},"4":{"start":{"line":5,"column":4},"end":{"line":7,"column":5}},"5":{"start":{"line":6,"column":6},"end":{"line":6,"column":68}},"6":{"start":{"line":6,"column":51},"end":{"line":6,"column":63}},"7":{"start":{"line":8,"column":4},"end":{"line":8,"column":39}},"8":{"start":{"line":10,"column":4},"end":{"line":10,"column":33}},"9":{"start":{"line":10,"column":26},"end":{"line":10,"column":33}},"10":{"start":{"line":11,"column":4},"end":{"line":11,"column":17}},"11":{"start":{"line":13,"column":25},"end":{"line":17,"column":2}},"12":{"start":{"line":14,"column":4},"end":{"line":14,"column":72}},"13":{"start":{"line":16,"column":4},"end":{"line":16,"column":21}},"14":{"start":{"line":18,"column":19},"end":{"line":24,"column":1}},"15":{"start":{"line":19,"column":4},"end":{"line":19,"column":42}},"16":{"start":{"line":19,"column":31},"end":{"line":19,"column":42}},"17":{"start":{"line":20,"column":17},"end":{"line":20,"column":19}},"18":{"start":{"line":21,"column":4},"end":{"line":21,"column":141}},"19":{"start":{"line":21,"column":21},"end":{"line":21,"column":141}},"20":{"start":{"line":21,"column":40},"end":{"line":21,"column":141}},"21":{"start":{"line":21,"column":109},"end":{"line":21,"column":141}},"22":{"start":{"line":22,"column":4},"end":{"line":22,"column":36}},"23":{"start":{"line":23,"column":4},"end":{"line":23,"column":18}},"24":{"start":{"line":25,"column":0},"end":{"line":25,"column":62}},"25":{"start":{"line":26,"column":0},"end":{"line":26,"column":360}},"26":{"start":{"line":27,"column":15},"end":{"line":27,"column":60}},"27":{"start":{"line":28,"column":19},"end":{"line":28,"column":40}},"28":{"start":{"line":29,"column":17},"end":{"line":29,"column":42}},"29":{"start":{"line":30,"column":17},"end":{"line":30,"column":36}},"30":{"start":{"line":31,"column":15},"end":{"line":31,"column":75}},"31":{"start":{"line":32,"column":0},"end":{"line":32,"column":35}},"32":{"start":{"line":33,"column":0},"end":{"line":33,"column":47}},"33":{"start":{"line":34,"column":0},"end":{"line":34,"column":50}},"34":{"start":{"line":35,"column":0},"end":{"line":35,"column":42}},"35":{"start":{"line":36,"column":0},"end":{"line":36,"column":82}},"36":{"start":{"line":36,"column":59},"end":{"line":36,"column":80}},"37":{"start":{"line":38,"column":0},"end":{"line":40,"column":3}},"38":{"start":{"line":39,"column":4},"end":{"line":39,"column":70}},"39":{"start":{"line":42,"column":0},"end":{"line":46,"column":2}},"40":{"start":{"line":48,"column":0},"end":{"line":53,"column":71}},"41":{"start":{"line":49,"column":4},"end":{"line":49,"column":38}},"42":{"st
[...]
ACpB,MAAM,GAAG,GAAG,IAAI,MAAM,CAAC,gBAAgB,CAAC,cAAc,CACpD,OAAO,EACP;QACE,YAAY,EAAE,OAAO;QACrB,GAAG,KAAK;QACR,iBAAiB;QACjB,SAAS,EAAE,OAAO;QAClB,iBAAiB;QAEjB,UAAU,EAAE,OAAO,CAAC,SAAS,CAAC,eAAe,CAAC;QAC9C,sBAAsB,EAAE;YACtB,kBAAkB,EAAE,CAAC,SAAS,CAAC,oBAAoB;gBACjD,CAAC,CAAC,SAAS,CAAC,kBAAkB,IAAI,EAAE;gBACpC,CAAC,CAAC,EAAE;YAEN,oBAAoB,EAAE,SAAS,CAAC,oBAAoB;YACpD,cAAc,EAAE,WAAW,EAAE,EAAE;SAChC;QACD,oBAAoB;QAEpB,aAAa,EAAE;YACb,4BAA4B,EAAE;gBAC5B,MAAM,EAAE,KAAK,CAAC,mBAAmB;oBAC/B,CAAC,CAAC;wBACE,oBAAoB,EAAE,MAAM;qBAC7B;oBACH,CAAC,CAAC,SAAS;gBACb,OAAO,EAAE,OAAO,CAAC,KAAK,CAAC,mBAAmB,CAAC;aAC5C;YAED,WAAW,EAAE,EAAE,OAAO,EAAE,OAAO,CAAC,KAAK,CAAC,iBAAiB,CAAC,EAAE;YAC1D,aAAa,EAAE,EAAE,OAAO,EAAE,OAAO,CAAC,KAAK,CAAC,mBAAmB,CAAC,EAAE;YAC9D,6HAA6H;YAC7H,2EAA2E;YAC3E,sBAAsB,EAAE;gBACtB,OAAO,EACL,CAAC,OAAO,CAAC,iBAAiB,EAAE,WAAW;oBACvC,CAAC,OAAO,CAAC,cAAc;oBACvB,CAAC,SAAS,CAAC,oBAAoB;aAClC;YAED,iBAAiB,EAAE;gBACjB,OAAO,EAAE,OAAO,CAAC,OAAO,CAAC,qBAAqB,CAAC;gBAC/C,MAAM,EAAE,OAAO,CAAC,qBAAqB;oBACnC,CAAC,CAAC,EAAE,UAAU,EAAE,OAAO,CAAC,qBAAqB,EAAE;oBAC/C,CAAC,CAAC,SAAS;aACd;YAED,yBAAyB,EAAE;gBACzB,OAAO,EAAE,OAAO,CAAC,KAAK,CAAC,kBAAkB,CAAC;gBAC1C,MAAM,EAAE,KAAK,CAAC,kBAAkB;oBAC9B,CAAC,CAAC;wBACE,WAAW,EAAE,GAAG,IAAI,UAAU;wBAC9B,QAAQ,EAAE,KAAK,CAAC,kBAAkB,CAAC,eAAe;qBACnD;oBACH,CAAC,CAAC,SAAS;aACd;YAED,QAAQ,EAAE;gBACR,OAAO,EAAE,OAAO,CAAC,GAAG,EAAE,OAAO,CAAC;gBAC9B,MAAM,EAAE,GAAG;oBACT,CAAC,CAAC;wBACE,+BAA+B,EAAE,GAAG,CAAC,OAAQ;qBAC9C;oBACH,CAAC,CAAC,SAAS;aACd;SACF;QAED,GAAG,EAAE;YACH,IAAI,EAAE,MAAM,CAAC,gBAAgB,CAAC,qBAAqB,CAAC,KAAK;YACzD,IAAI,EAAE,MAAM,CAAC,gBAAgB,CAAC,qBAAqB,CAAC,IAAI;YACxD,cAAc;YACd,yDAAyD;YACzD,0DAA0D;SAC3D;QAED,iBAAiB,EAAE,SAAS,CAAC,GAAG,CAAC,CAAC,CAAC,EAAE,EAAE,CAAC,CAAC;YACvC,GAAG,eAAe;YAClB,GAAG,CAAC;YAEJ,8BAA8B;YAC9B,KAAK,EAAE,CAAC,CAAC,IAAI,KAAK,QAAQ,CAAC,CAAC,CAAC,CAAC,CAAC,CAAC,CAAC,CAAC;YAClC,mBAAmB,EAAE,iBAAiB;YACtC,YAAY,EAAE,OAAO,CAAC,QAAQ;YAE9B,eAAe,EAAE,IAAI;YACrB,KAAK,EAAE,QAAQ;YACf,MAAM,EAAE,OAAO;YAEf,IAAI,EAAE;gBACJ,GAAG,eAAe,CAAC,IAAI;gBACvB,IAAI,EAAE,CAAC,CAAC,IAAI;aACb;SACF,CAAC,CAAC;QAEH,YAAY,EAAE,KAAK;YACjB,CAAC,CAAC;gBACE,aAAa,EAAE,KAAK,CAAC,aAAa;gBAClC,GAAG,EAAE,EAAE,UAAU,EAAE,KAAK,CAAC,OAAO,CAAC,GAAG,CAAC,CAAC,CAAC,EAAE,EAAE,CAAC,CAAC,EAAE,OAAO,EAAE,CAAC,EAAE,CAAC,CAAC,EAAE;aAChE;YACH,CAAC,CAAC,SAAS;QAEb,iBAAiB,EAAE;YACjB,wBAAwB,EAAE,MAAM;YAChC,QAAQ,EAAE,QAAQ;YAClB,kBAAkB,EAAE,IAAI;YACxB,yBAAyB,EAAE,KAAK;YAChC,oBAAoB,EAAE,KAAK;YAC3B,yBAAyB,EAAE,IAAI;YAC/B,kBAAkB,EAAE,IAAI;YACxB,mBAAmB,EAAE,GAAG;YACxB,sBAAsB,EAAE,KAAK;YAC7B,yBAAyB,EAAE,KAAK;YAChC,0BAA0B,EAAE,KAAK;YACjC,qBAAqB,EAAE,KAAK;YAC5B,oBAAoB,EAAE,KAAK;YAC3B,6BAA6B,EAAE,KAAK;YACpC,YAAY,EAAE,KAAK;YACnB,yBAAyB,EAAE,OAAO;YAClC,uBAAuB,EAAE,MAAM;SAChC;QAED,iDAAiD;QACjD,iCAAiC;QACjC,iBAAiB;QACjB,sBAAsB;QAEtB,uBAAuB,EAAE,eAAe;YACtC,CAAC,CAAC;gBACE,QAAQ,EAAE,eAAe,CAAC,QAAQ;gBAClC,MAAM,EAAE,eAAe,CAAC,YAAa;aACtC;YACH,CAAC,CAAC,SAAS;QAEb,kBAAkB,EAAE,YAAY,CAAC,iBAAiB;YAChD,CAAC,CAAC;gBACE,OAAO,EAAE,YAAY,CAAC,iBAAiB;gBACvC,qCAAqC;gBACrC,yBAAyB,EAAE,KAAK;aACjC;YACH,CAAC,CAAC,SAAS;QAEb,kBAAkB;QAClB,6CAA6C;QAC7C,gFAAgF;QAEhF,UAAU,EAAE;YACV,eAAe,EAAE,OAAO,CAAC,SAAS,CAAC,eAAe,CAAC;YACnD,OAAO,EAAE,IAAI;YACb,mBAAmB,EAAE,UAAU,CAAC,CAAC,CAAC,CAAC,UAAU,CAAC,QAAQ,CAAC,CAAC,CAAC,CAAC,SAAS;YACnE,QAAQ,EAAE,mBAAQ;SACnB;QAED,cAAc,EAAE;YACd,WAAW,EAAE,MAAM,CAAC,gBAAgB,CAAC,WAAW,CAAC,WAAW;YAC5D,aAAa,EAAE,MAAM,CAAC,gBAAgB,CAAC,aAAa,CAAC,KAAK;YAC1D,aAAa,EAAE,MAAM,CAAC,gBAAgB,CAAC,aAAa,CAAC,KAAK;YAE1D,YAAY,EAAE,WAAW;YACzB,gBAAgB,EAAE,eAAe;YACjC,WAAW,EAAE,aAAa;YAE1B,YAAY,EACV,OAAO,CAAC,cAAc,IAAI,SAAS,CAAC,oBAAoB;gBACtD,CAAC,CAAC,MAAM,CAAC,gBAAgB,CAAC,YAAY,CAAC,kBAAkB;gBACzD,CAAC,CAAC,MAAM,CAAC,gBAAgB,CAAC,YAAY,CAAC,YAAY;YAEvD,eAAe,EACb,OAAO,CAAC,iBAAiB,EAAE,WAAW;gBACtC,OAAO,CAAC,cAAc;gBACtB,SAAS,CAAC,oBAAoB;gBAC5B,CAAC,CAAC,UAAU;gBACZ,CAAC,CAAC,OAAO;YAEb,mBAAmB,EACjB,OAAO,CAAC,iBAAiB;gBACzB,CAAC,CAAC,OAAO,CAAC,cAAc,IAAI,SAAS,CAAC,oBAAoB,CAAC;gBACzD,CAAC,CAAC;oBACE,WAAW,EAAE;wBACX,SAAS,EAAE,CAAC,EAAE,EAAE,EAAE,OAAO,CAAC,iBAAiB,CAAC,WAAW,EAAE,CAAC;qBAC3D;oBACD,kBAAkB,EAAE,OAAO,CAAC,iBAAiB,CAAC,iBAAiB;wBAC7D,CAAC,CAAC;4BACE,gBAAgB,EAAE;gCAChB,EAAE,EAAE,EAAE,OAAO,CAAC,iBAAiB,CAAC,iBAAiB,EAAE;6BACpD;yBACF;wBACH,CAAC,CAAC,SAAS;iBACd;gBACH,CAAC,CAAC,SAAS;SAChB;KACF,EACD;QACE,OAAO,EAAE,IAAI;QACb,SAAS,EAAE,eAAe;YACxB,CAAC,CAAC,CAAC,GAAG,SAAS,EAAE,eAAe,CAAC,QAAQ,CAAC;YAC1C,CAAC,CAAC,SAAS;QACb,MAAM,EAAE,UAAU;QAClB,mBAAmB,EAAE,IAAI;QACzB,iDAAiD;QACjD,aAAa,EAAE;YACb,sBAAsB;YACtB,gBAAgB;YAChB,cAAc;YACd,mBAAmB;YACnB,mCAAmC;SACpC;KACF,CACF,CAAC;IAEF,IAAI,IAAI,EAAE;QACR,IAAA,gBAAM,EAAC,EAAE,IAAI,EAAE,UAAU,EAAE,GAAG,CAAC,EAAE,EAAE,SAAS,EAAE,GAAG,EAAE,CAAC,CAAC;KACtD;IAED,IAAI,YAAY,CAAC,uBAAuB,EAAE;QACxC,GAAG,CAAC,EAAE,CAAC,KAAK,CAAC,KAAK,EAAE,EAAE,EAAE,EAAE;YACxB,IAAI,CAAC,EAAE;gBAAE,OAAO;YAEhB,YAAY;YACZ,MAAM,IAAA,0BAAgB,EAAC;gBACrB,IAAI;gBACJ,gBAAgB,EAAE,EAAE;gBACpB,GAAG,GAAG;gBACN,cAAc,EAAE;oBACd,OAAO;oBACP,yBAAyB;oBACzB,kBAAkB;oBAClB,YAAY;oBACZ,gBAAgB;oBAChB,oBAAoB;iBACrB;aACF,CAAC,CAAC;QACL,CAAC,CAAC,CAAC;KACJ;IAED,2BAA2B;IAC3B,uBAAuB;IACvB,yBAAyB;IACzB,uDAAuD;IACvD,sBAAsB;IACtB,QAAQ;IACR,IAAI;IAEJ,mCAAmC;IACnC,MAAM,IAAA,sBAAa,EAAC;QAClB,KAAK,EAAE,EAAE,iBAAiB,EAAE,iBAAiB,EAAE;QAC/C,GAAG,GAAG;QACN,SAAS;QACT,SAAS,EAAE,GAAG;KACf,CAAC,CAAC;IAEH,OAAO,EAAE,GAAG,EAAE,WAAW,EAAE,CAAC;AAC9B,CAAC,CAAC","sourcesContent":["import * as native from \"@pulumi/azure-native\";\nimport * as pulumi from \"@pulumi/pulumi\";\nimport { Input, output } from \"@pulumi/pulumi\";\nimport vmsDiagnostic from \"./VmSetMonitor\";\nimport vmsAutoScale from \"./VmSetAutoScale\";\nimport { BasicMonitorArgs, BasicResourceArgs, KeyVaultInfo } from \"../types\";\nimport { currentEnv, Environments, isPrd, tenantId } from \"../Common/AzureEnv\";\nimport Locker from \"../Core/Locker\";\nimport aksIdentityCreator from \"./Identity\";\nimport roleCreator from \"../AzAd/Role\";\nimport { stack } from \"../Common/StackEnv\";\nimport { createDiagnostic } from \"../Logs/Helpers\";\nimport { getAksName } from \"../Common/Naming\";\nimport PrivateDns from \"../VNet/PrivateDns\";\nimport { getVnetIdFromSubnetId } from \"../VNet/Helper\";\n\nconst autoScaleFor = (\n  env: Environments,\n  nodeType: \"Default\" | \"System\" | \"User\"\n) => {\n  const enableAutoScaling = true;\n  let nodeCount = 1;\n  let minCount = 1;\n  let maxCount = 3;\n\n  if (env === Environments.Prd) {\n    switch (nodeType) {\n      case \"User\":\n        maxCount = 5;\n        break;\n\n      case \"Default\":\n      case \"System\":\n      default:\n        maxCount = 3;\n        break;\n    }\n  }\n\n  return {\n    enableAutoScaling,\n    nodeCount: enableAutoScaling ? undefined : nodeCount,\n    minCount: enableAutoScaling ? minCount : undefined,\n    maxCount: enableAutoScaling ? maxCount : undefined,\n  };\n};\n\nconst defaultNodePool = {\n  availabilityZones: isPrd ? [\"1\", \"2\", \"3\"] : undefined,\n  type: native.containerservice.AgentPoolType.VirtualMachineScaleSets,\n  vmSize: \"Standard_B2s\",\n  ...autoScaleFor(currentEnv, \"Default\"),\n  maxPods: 50,\n  enableFIPS: false,\n  enableNodePublicIP: false,\n\n  osDiskSizeGB: 128,\n  osDiskType: native.containerservice.OSDiskType.Managed,\n\n  nodeLabels: {\n    environment: currentEnv,\n    stack,\n  },\n\n  tags: {\n    environment: currentEnv,\n  },\n};\n\nexport enum VmSizes {\n  /** 32G RAM - 4CPU - $221.92 */\n  Standard_E4as_v4_221 = \"Standard_E4as_v4\",\n  /** 4G RAM - 2CPU - $38.54 */\n  Standard_B2s_38 = \"Standard_B2s\",\n  /** 8G RAM - 2CPU - $77.38 */\n  Standard_B2ms_77 = \"Standard_B2ms\",\n  /** 16G RAM - 4CPU - $154.03 */\n  Standard_B4ms_154 = \"Standard_B4ms\",\n  /** 8G RAM - 2CPU - 87.60 */\n  Standard_D2as_v4_87 = \"Standard_D2as_v4\",\n  /** 8G RAM - 2CPU - 87.60 */\n  Standard_D2s_v3_87 = \"Standard_D2s_v3\",\n  /** 16G RAM - 4CPU - $175.20 */\n  Standard_D4as_v4_175 = \"Standard_D4as_v4\",\n  /** 4G RAM - 2CPU - $69.35 */\n  Standard_A2_v2_69 = \"Standard_A2_v2\",\n  /** 8G RAM - 4CPU - $144.54 */\n  Standard_A4_v2_144 = \"Standard_A4_v2\",\n  /** 32G RAM - 4CPU - $205.13 */\n  Standard_A4m_v2_205 = \"Standard_A4m_v2\",\n}\n\ninterface NodePoolProps {\n  name: string;\n  mode: native.containerservice.AgentPoolMode;\n  vmSize?: VmSizes;\n  maxPods?: number;\n  osDiskSizeGB?: number;\n  osDiskType?: native.containerservice.OSDiskType;\n  /**Not all machine is support this feature*/\n  enableEncryptionAtHost?: boolean;\n}\n\ninterface Props extends BasicResourceArgs {\n  nodeResourceGroup?: string;\n\n  addon?: {\n    enableAzureKeyVault?: boolean;\n    enableAzurePolicy?: boolean;\n    enableKubeDashboard?: boolean;\n    enableVirtualHost?: boolean;\n    applicationGateway?: { gatewaySubnetId: pulumi.Input<string> };\n  };\n\n  linux?: {\n    adminUsername: Input<string>;\n    sshKeys: Array<pulumi.Input<string>>;\n  };\n\n  kubernetesVersion?: \"1.22.6\";\n  nodePools: Array<Omit<NodePoolProps, \"subnetId\" | \"aksId\">>;\n  //enableVMAutoScale?: boolean;\n\n  featureFlags?: {\n    createServicePrincipal?: boolean;\n    enablePodIdentity?: boolean;\n    enableDiagnosticSetting?: boolean;\n  };\n\n  aksAccess?: {\n    enableAzureRBAC?:\n      | boolean\n      | { adminMembers: Array<{ objectId: Input<string> }> };\n    enablePrivateCluster?: boolean;\n    authorizedIPRanges?: Input<string>[];\n    //privateDNSName?: string;\n  };\n\n  network: {\n    subnetId?: pulumi.Input<string>;\n    virtualHostSubnetName?: pulumi.Input<string>;\n\n    enableFirewall?: boolean;\n\n    outboundIpAddress?: {\n      ipAddressId: pulumi.Input<string>;\n      ipAddressPrefixId?: pulumi.Input<string>;\n    };\n  };\n\n  vaultInfo: KeyVaultInfo;\n  log?: BasicMonitorArgs;\n  /**Lock resource from delete*/\n  lock?: boolean;\n  dependsOn?: pulumi.Input<pulumi.Resource>[];\n  importFrom?: string;\n}\n\n//Using this to enable the preview feature https://azurecloudai.blog/2019/10/16/aks-enabling-and-using-preview-features-such-as-nodepools-using-cli/\nexport default async ({\n  group,\n  nodeResourceGroup,\n  name,\n  linux,\n  kubernetesVersion = \"1.22.6\",\n  nodePools,\n  //enableVMAutoScale,\n  network,\n  log,\n  aksAccess = {},\n  vaultInfo,\n  featureFlags = { enableDiagnosticSetting: true },\n  addon = {\n    enableAzurePolicy: true,\n    enableAzureKeyVault: true,\n    enableKubeDashboard: false,\n  },\n  lock = true,\n  dependsOn = [],\n  importFrom,\n}: Props) => {\n  const aksName = getAksName(name);\n  nodeResourceGroup = nodeResourceGroup || `${aksName}-nodes`;\n\n  // const appGateway =\n  //   addon.applicationGateway && network.outboundIpAddress\n  //     ? await AppGateway({\n  //         name,\n  //         group,\n  //         publicIpAddressId: network.outboundIpAddress.ipAddressId,\n  //         subnetId: addon.applicationGateway.gatewaySubnetId,\n  //       })\n  //     : undefined;\n\n  const serviceIdentity = featureFlags.createServicePrincipal\n    ? await aksIdentityCreator({\n        name: aksName,\n        group,\n        privateCluster: aksAccess.enablePrivateCluster,\n        vaultInfo,\n      })\n    : undefined;\n\n  const adminGroup =\n    typeof aksAccess.enableAzureRBAC === \"object\"\n      ? roleCreator({\n          env: currentEnv,\n          appName: name,\n          roleName: \"Aks-Admin\",\n          members: aksAccess.enableAzureRBAC.adminMembers.map(\n            (m) => m.objectId\n          ),\n        })\n      : undefined;\n\n  //=================Validate ===================================/\n  if (!network?.subnetId) {\n    console.error(\"Aks subnetId is required:\", name);\n    return undefined;\n  }\n  if (!linux?.sshKeys || !linux.sshKeys[0]) {\n    console.error(\"Aks sshKeys is required:\", name);\n    return undefined;\n  }\n\n  //Private DNS Zone for Private CLuster\n  const privateZone = aksAccess.enablePrivateCluster\n    ? PrivateDns({\n        name: \"privatelink.southeastasia.azmk8s.io\",\n        group,\n        vnetIds: [output(network.subnetId).apply(getVnetIdFromSubnetId)],\n      })\n    : undefined;\n\n  //Create AKS Cluster\n  const aks = new native.containerservice.ManagedCluster(\n    aksName,\n    {\n      resourceName: aksName,\n      ...group,\n      nodeResourceGroup,\n      dnsPrefix: aksName,\n      kubernetesVersion,\n\n      enableRBAC: Boolean(aksAccess.enableAzureRBAC),\n      apiServerAccessProfile: {\n        authorizedIPRanges: !aksAccess.enablePrivateCluster\n          ? aksAccess.authorizedIPRanges || []\n          : [],\n\n        enablePrivateCluster: aksAccess.enablePrivateCluster,\n        privateDNSZone: privateZone?.id,\n      },\n      //fqdnSubdomain: '',\n\n      addonProfiles: {\n        azureKeyvaultSecretsProvider: {\n          config: addon.enableAzureKeyVault\n            ? {\n                enableSecretRotation: \"true\",\n              }\n            : undefined,\n          enabled: Boolean(addon.enableAzureKeyVault),\n        },\n\n        azurePolicy: { enabled: Boolean(addon.enableAzurePolicy) },\n        kubeDashboard: { enabled: Boolean(addon.enableKubeDashboard) },\n        //If there is no public P address provided the public app can access via HTTP app routing only and feature only support HTTP.\n        //TO enable HTTPS support need to create cluster with an public IP address.\n        httpApplicationRouting: {\n          enabled:\n            !network.outboundIpAddress?.ipAddressId &&\n            !network.enableFirewall &&\n            !aksAccess.enablePrivateCluster,\n        },\n\n        aciConnectorLinux: {\n          enabled: Boolean(network.virtualHostSubnetName),\n          config: network.virtualHostSubnetName\n            ? { SubnetName: network.virtualHostSubnetName }\n            : undefined,\n        },\n\n        ingressApplicationGateway: {\n          enabled: Boolean(addon.applicationGateway),\n          config: addon.applicationGateway\n            ? {\n                gatewayName: `${name}-gateway`,\n                subnetId: addon.applicationGateway.gatewaySubnetId,\n              }\n            : undefined,\n        },\n\n        omsAgent: {\n          enabled: Boolean(log?.logWpId),\n          config: log\n            ? {\n                logAnalyticsWorkspaceResourceID: log.logWpId!,\n              }\n            : undefined,\n        },\n      },\n\n      sku: {\n        name: native.containerservice.ManagedClusterSKUName.Basic,\n        tier: native.containerservice.ManagedClusterSKUTier.Free,\n        // tier: isPrd\n        //   ? native.containerservice.ManagedClusterSKUTier.Paid\n        //   : native.containerservice.ManagedClusterSKUTier.Free,\n      },\n\n      agentPoolProfiles: nodePools.map((p) => ({\n        ...defaultNodePool,\n        ...p,\n\n        //name: `${p.name}-${p.mode}`,\n        count: p.mode === \"System\" ? 1 : 0,\n        orchestratorVersion: kubernetesVersion,\n        vnetSubnetID: network.subnetId,\n\n        kubeletDiskType: \"OS\",\n        osSKU: \"Ubuntu\",\n        osType: \"Linux\",\n\n        tags: {\n          ...defaultNodePool.tags,\n          mode: p.mode,\n        },\n      })),\n\n      linuxProfile: linux\n        ? {\n            adminUsername: linux.adminUsername,\n            ssh: { publicKeys: linux.sshKeys.map((k) => ({ keyData: k })) },\n          }\n        : undefined,\n\n      autoScalerProfile: {\n        balanceSimilarNodeGroups: \"true\",\n        expander: \"random\",\n        maxEmptyBulkDelete: \"10\",\n        maxGracefulTerminationSec: \"600\",\n        maxNodeProvisionTime: \"15m\",\n        maxTotalUnreadyPercentage: \"45\",\n        newPodScaleUpDelay: \"0s\",\n        okTotalUnreadyCount: \"3\",\n        scaleDownDelayAfterAdd: \"30m\",\n        scaleDownDelayAfterDelete: \"60s\",\n        scaleDownDelayAfterFailure: \"10m\",\n        scaleDownUnneededTime: \"10m\",\n        scaleDownUnreadyTime: \"20m\",\n        scaleDownUtilizationThreshold: \"0.5\",\n        scanInterval: \"60s\",\n        skipNodesWithLocalStorage: \"false\",\n        skipNodesWithSystemPods: \"true\",\n      },\n\n      // identity: !featureFlags.createServicePrincipal\n      //   ? { type: 'SystemAssigned' }\n      //   : undefined,\n      //identityProfile: {},\n\n      servicePrincipalProfile: serviceIdentity\n        ? {\n            clientId: serviceIdentity.clientId,\n            secret: serviceIdentity.clientSecret!,\n          }\n        : undefined,\n\n      podIdentityProfile: featureFlags.enablePodIdentity\n        ? {\n            enabled: featureFlags.enablePodIdentity,\n            //Not allow pod to use kublet command\n            allowNetworkPluginKubenet: false,\n          }\n        : undefined,\n\n      //Preview Features\n      //disableLocalAccounts: auth.enableAzureRBAC,\n      //autoUpgradeProfile: { upgradeChannel: containerservice.UpgradeChannel.Patch },\n\n      aadProfile: {\n        enableAzureRBAC: Boolean(aksAccess.enableAzureRBAC),\n        managed: true,\n        adminGroupObjectIDs: adminGroup ? [adminGroup.objectId] : undefined,\n        tenantID: tenantId,\n      },\n\n      networkProfile: {\n        networkMode: native.containerservice.NetworkMode.Transparent,\n        networkPolicy: native.containerservice.NetworkPolicy.Azure,\n        networkPlugin: native.containerservice.NetworkPlugin.Azure,\n\n        dnsServiceIP: \"10.0.0.10\",\n        dockerBridgeCidr: \"172.17.0.1/16\",\n        serviceCidr: \"10.0.0.0/16\",\n\n        outboundType:\n          network.enableFirewall || aksAccess.enablePrivateCluster\n            ? native.containerservice.OutboundType.UserDefinedRouting\n            : native.containerservice.OutboundType.LoadBalancer,\n\n        loadBalancerSku:\n          network.outboundIpAddress?.ipAddressId ||\n          network.enableFirewall ||\n          aksAccess.enablePrivateCluster\n            ? \"Standard\"\n            : \"Basic\",\n\n        loadBalancerProfile:\n          network.outboundIpAddress &&\n          !(network.enableFirewall || aksAccess.enablePrivateCluster)\n            ? {\n                outboundIPs: {\n                  publicIPs: [{ id: network.outboundIpAddress.ipAddressId }],\n                },\n                outboundIPPrefixes: network.outboundIpAddress.ipAddressPrefixId\n                  ? {\n                      publicIPPrefixes: [\n                        { id: network.outboundIpAddress.ipAddressPrefixId },\n                      ],\n                    }\n                  : undefined,\n              }\n            : undefined,\n      },\n    },\n    {\n      protect: lock,\n      dependsOn: serviceIdentity\n        ? [...dependsOn, serviceIdentity.resource]\n        : dependsOn,\n      import: importFrom,\n      deleteBeforeReplace: true,\n      //replaceOnChanges: [ 'servicePrincipalProfile'],\n      ignoreChanges: [\n        \"privateLinkResources\",\n        \"networkProfile\",\n        \"linuxProfile\",\n        //'windowsProfile',\n        //'servicePrincipalProfile.secret',\n      ],\n    }\n  );\n\n  if (lock) {\n    Locker({ name, resourceId: aks.id, dependsOn: aks });\n  }\n\n  if (featureFlags.enableDiagnosticSetting) {\n    aks.id.apply(async (id) => {\n      if (!id) return;\n\n      //Diagnostic\n      await createDiagnostic({\n        name,\n        targetResourceId: id,\n        ...log,\n        logsCategories: [\n          \"guard\",\n          \"kube-controller-manager\",\n          \"kube-audit-admin\",\n          \"kube-audit\",\n          \"kube-scheduler\",\n          \"cluster-autoscaler\",\n        ],\n      });\n    });\n  }\n\n  // if (enableVMAutoScale) {\n  //   //Apply auto scale\n  //   await vmsAutoScale({\n  //     group: { resourceGroupName: nodeResourceGroup },\n  //     dependsOn: aks,\n  //   });\n  // }\n\n  //Apply monitoring for VMScale Sets\n  await vmsDiagnostic({\n    group: { resourceGroupName: nodeResourceGroup },\n    ...log,\n    vaultInfo,\n    dependsOn: aks,\n  });\n\n  return { aks, privateZone };\n};\n"]},"_coverageSchema":"1a1c01bbd47fc00a2c39e90264f33305004495a9","hash":"b7f0f5b52979dc7bd7187c7077f222f733a32224","contentHash":"deca56a5f97341d6dd64944f0c9f4bbb6246f1e5c273077e5212bda8165ed316"}}